{"D:\\node_project\\ERP_system_backend\\testServer.ts": {"path":"D:\\node_project\\ERP_system_backend\\testServer.ts","statementMap":{"0":{"start":{"line":1,"column":0},"end":{"line":1,"column":43}},"1":{"start":{"line":2,"column":0},"end":{"line":2,"column":52}},"2":{"start":{"line":3,"column":0},"end":{"line":3,"column":28}},"3":{"start":{"line":4,"column":0},"end":{"line":4,"column":28}},"4":{"start":{"line":5,"column":0},"end":{"line":5,"column":24}},"5":{"start":{"line":6,"column":0},"end":{"line":6,"column":58}},"6":{"start":{"line":8,"column":0},"end":{"line":8,"column":16}},"7":{"start":{"line":10,"column":21},"end":{"line":10,"column":30}},"8":{"start":{"line":13,"column":0},"end":{"line":13,"column":16}},"9":{"start":{"line":14,"column":0},"end":{"line":14,"column":18}},"10":{"start":{"line":17,"column":0},"end":{"line":17,"column":15}},"11":{"start":{"line":20,"column":0},"end":{"line":20,"column":30}},"12":{"start":{"line":23,"column":0},"end":{"line":27,"column":46}},"13":{"start":{"line":24,"column":4},"end":{"line":24,"column":54}},"14":{"start":{"line":25,"column":4},"end":{"line":25,"column":66}},"15":{"start":{"line":26,"column":4},"end":{"line":26,"column":11}},"16":{"start":{"line":29,"column":0},"end":{"line":29,"column":19}}},"fnMap":{"0":{"name":"(anonymous_1)","decl":{"start":{"line":23,"column":19},"end":{"line":23,"column":20}},"loc":{"start":{"line":23,"column":38},"end":{"line":27,"column":1}}}},"branchMap":{},"s":{"0":1,"1":1,"2":1,"3":1,"4":1,"5":1,"6":1,"7":1,"8":1,"9":1,"10":1,"11":1,"12":1,"13":0,"14":0,"15":0,"16":1},"f":{"0":0},"b":{}}
,"D:\\node_project\\ERP_system_backend\\config\\config.ts": {"path":"D:\\node_project\\ERP_system_backend\\config\\config.ts","statementMap":{"0":{"start":{"line":2,"column":0},"end":{"line":2,"column":28}},"1":{"start":{"line":4,"column":0},"end":{"line":4,"column":16}},"2":{"start":{"line":6,"column":13},"end":{"line":18,"column":2}}},"fnMap":{},"branchMap":{},"s":{"0":1,"1":1,"2":1},"f":{},"b":{}}
,"D:\\node_project\\ERP_system_backend\\config\\sequelize.ts": {"path":"D:\\node_project\\ERP_system_backend\\config\\sequelize.ts","statementMap":{"0":{"start":{"line":2,"column":0},"end":{"line":2,"column":38}},"1":{"start":{"line":3,"column":0},"end":{"line":3,"column":39}},"2":{"start":{"line":5,"column":18},"end":{"line":17,"column":null}},"3":{"start":{"line":20,"column":0},"end":{"line":20,"column":25}}},"fnMap":{},"branchMap":{},"s":{"0":1,"1":1,"2":1,"3":1},"f":{},"b":{}}
,"D:\\node_project\\ERP_system_backend\\src\\controllers\\accountController.ts": {"path":"D:\\node_project\\ERP_system_backend\\src\\controllers\\accountController.ts","statementMap":{"0":{"start":{"line":2,"column":0},"end":{"line":2,"column":34}},"1":{"start":{"line":3,"column":0},"end":{"line":3,"column":46}},"2":{"start":{"line":4,"column":0},"end":{"line":4,"column":44}},"3":{"start":{"line":5,"column":0},"end":{"line":5,"column":54}},"4":{"start":{"line":6,"column":0},"end":{"line":6,"column":28}},"5":{"start":{"line":7,"column":0},"end":{"line":7,"column":31}},"6":{"start":{"line":8,"column":0},"end":{"line":8,"column":70}},"7":{"start":{"line":9,"column":0},"end":{"line":9,"column":61}},"8":{"start":{"line":10,"column":0},"end":{"line":10,"column":36}},"9":{"start":{"line":13,"column":11},"end":{"line":13,"column":null}},"10":{"start":{"line":16,"column":8},"end":{"line":20,"column":9}},"11":{"start":{"line":17,"column":12},"end":{"line":17,"column":null}},"12":{"start":{"line":19,"column":12},"end":{"line":19,"column":null}},"13":{"start":{"line":24,"column":8},"end":{"line":32,"column":9}},"14":{"start":{"line":25,"column":26},"end":{"line":27,"column":14}},"15":{"start":{"line":29,"column":12},"end":{"line":29,"column":null}},"16":{"start":{"line":31,"column":12},"end":{"line":31,"column":null}},"17":{"start":{"line":37,"column":8},"end":{"line":112,"column":9}},"18":{"start":{"line":38,"column":50},"end":{"line":38,"column":58}},"19":{"start":{"line":41,"column":12},"end":{"line":43,"column":13}},"20":{"start":{"line":42,"column":16},"end":{"line":42,"column":86}},"21":{"start":{"line":46,"column":40},"end":{"line":48,"column":14}},"22":{"start":{"line":50,"column":12},"end":{"line":54,"column":13}},"23":{"start":{"line":51,"column":16},"end":{"line":51,"column":51}},"24":{"start":{"line":52,"column":19},"end":{"line":54,"column":13}},"25":{"start":{"line":53,"column":16},"end":{"line":53,"column":45}},"26":{"start":{"line":57,"column":25},"end":{"line":60,"column":14}},"27":{"start":{"line":62,"column":12},"end":{"line":106,"column":13}},"28":{"start":{"line":63,"column":16},"end":{"line":63,"column":73}},"29":{"start":{"line":66,"column":30},"end":{"line":66,"column":75}},"30":{"start":{"line":67,"column":16},"end":{"line":105,"column":17}},"31":{"start":{"line":68,"column":20},"end":{"line":68,"column":83}},"32":{"start":{"line":71,"column":39},"end":{"line":71,"column":41}},"33":{"start":{"line":72,"column":40},"end":{"line":72,"column":84}},"34":{"start":{"line":75,"column":38},"end":{"line":86,"column":22}},"35":{"start":{"line":88,"column":35},"end":{"line":95,"column":22}},"36":{"start":{"line":98,"column":20},"end":{"line":102,"column":23}},"37":{"start":{"line":104,"column":20},"end":{"line":104,"column":70}},"38":{"start":{"line":109,"column":12},"end":{"line":111,"column":14}},"39":{"start":{"line":118,"column":8},"end":{"line":153,"column":9}},"40":{"start":{"line":119,"column":50},"end":{"line":119,"column":58}},"41":{"start":{"line":120,"column":44},"end":{"line":125,"column":14}},"42":{"start":{"line":127,"column":12},"end":{"line":150,"column":13}},"43":{"start":{"line":128,"column":16},"end":{"line":128,"column":null}},"44":{"start":{"line":130,"column":30},"end":{"line":135,"column":18}},"45":{"start":{"line":136,"column":16},"end":{"line":149,"column":17}},"46":{"start":{"line":138,"column":20},"end":{"line":141,"column":null}},"47":{"start":{"line":143,"column":34},"end":{"line":143,"column":66}},"48":{"start":{"line":145,"column":20},"end":{"line":145,"column":null}},"49":{"start":{"line":146,"column":20},"end":{"line":146,"column":null}},"50":{"start":{"line":148,"column":20},"end":{"line":148,"column":null}},"51":{"start":{"line":152,"column":12},"end":{"line":152,"column":null}},"52":{"start":{"line":158,"column":8},"end":{"line":179,"column":9}},"53":{"start":{"line":159,"column":36},"end":{"line":163,"column":14}},"54":{"start":{"line":165,"column":12},"end":{"line":176,"column":13}},"55":{"start":{"line":166,"column":37},"end":{"line":172,"column":18}},"56":{"start":{"line":173,"column":16},"end":{"line":173,"column":null}},"57":{"start":{"line":175,"column":16},"end":{"line":175,"column":null}},"58":{"start":{"line":178,"column":12},"end":{"line":178,"column":null}},"59":{"start":{"line":184,"column":8},"end":{"line":204,"column":9}},"60":{"start":{"line":185,"column":33},"end":{"line":185,"column":41}},"61":{"start":{"line":186,"column":44},"end":{"line":191,"column":14}},"62":{"start":{"line":192,"column":12},"end":{"line":201,"column":13}},"63":{"start":{"line":193,"column":16},"end":{"line":197,"column":null}},"64":{"start":{"line":198,"column":16},"end":{"line":198,"column":null}},"65":{"start":{"line":200,"column":16},"end":{"line":200,"column":null}},"66":{"start":{"line":203,"column":12},"end":{"line":203,"column":null}},"67":{"start":{"line":208,"column":8},"end":{"line":219,"column":9}},"68":{"start":{"line":209,"column":26},"end":{"line":214,"column":14}},"69":{"start":{"line":216,"column":12},"end":{"line":216,"column":null}},"70":{"start":{"line":218,"column":12},"end":{"line":218,"column":null}},"71":{"start":{"line":223,"column":8},"end":{"line":240,"column":9}},"72":{"start":{"line":224,"column":26},"end":{"line":231,"column":14}},"73":{"start":{"line":233,"column":12},"end":{"line":237,"column":13}},"74":{"start":{"line":234,"column":16},"end":{"line":234,"column":null}},"75":{"start":{"line":236,"column":16},"end":{"line":236,"column":null}},"76":{"start":{"line":239,"column":12},"end":{"line":239,"column":null}},"77":{"start":{"line":245,"column":8},"end":{"line":287,"column":9}},"78":{"start":{"line":247,"column":30},"end":{"line":252,"column":14}},"79":{"start":{"line":255,"column":12},"end":{"line":284,"column":13}},"80":{"start":{"line":256,"column":34},"end":{"line":261,"column":18}},"81":{"start":{"line":263,"column":16},"end":{"line":281,"column":17}},"82":{"start":{"line":265,"column":42},"end":{"line":265,"column":104}},"83":{"start":{"line":267,"column":20},"end":{"line":279,"column":21}},"84":{"start":{"line":268,"column":24},"end":{"line":274,"column":null}},"85":{"start":{"line":276,"column":24},"end":{"line":276,"column":null}},"86":{"start":{"line":278,"column":24},"end":{"line":278,"column":null}},"87":{"start":{"line":283,"column":16},"end":{"line":283,"column":null}},"88":{"start":{"line":286,"column":12},"end":{"line":286,"column":null}},"89":{"start":{"line":291,"column":8},"end":{"line":309,"column":9}},"90":{"start":{"line":292,"column":27},"end":{"line":292,"column":63}},"91":{"start":{"line":294,"column":32},"end":{"line":298,"column":14}},"92":{"start":{"line":300,"column":12},"end":{"line":306,"column":13}},"93":{"start":{"line":301,"column":16},"end":{"line":301,"column":null}},"94":{"start":{"line":302,"column":16},"end":{"line":302,"column":null}},"95":{"start":{"line":303,"column":16},"end":{"line":303,"column":null}},"96":{"start":{"line":305,"column":16},"end":{"line":305,"column":null}},"97":{"start":{"line":308,"column":12},"end":{"line":308,"column":null}},"98":{"start":{"line":12,"column":0},"end":{"line":12,"column":21}}},"fnMap":{"0":{"name":"(anonymous_8)","decl":{"start":{"line":12,"column":0},"end":{"line":12,"column":21}},"loc":{"start":{"line":12,"column":0},"end":{"line":311,"column":1}}},"1":{"name":"(anonymous_9)","decl":{"start":{"line":15,"column":4},"end":{"line":15,"column":12}},"loc":{"start":{"line":15,"column":40},"end":{"line":21,"column":5}}},"2":{"name":"(anonymous_10)","decl":{"start":{"line":23,"column":10},"end":{"line":23,"column":14}},"loc":{"start":{"line":23,"column":42},"end":{"line":33,"column":null}}},"3":{"name":"(anonymous_12)","decl":{"start":{"line":36,"column":10},"end":{"line":36,"column":16}},"loc":{"start":{"line":36,"column":44},"end":{"line":113,"column":null}}},"4":{"name":"(anonymous_14)","decl":{"start":{"line":117,"column":10},"end":{"line":117,"column":16}},"loc":{"start":{"line":117,"column":44},"end":{"line":154,"column":null}}},"5":{"name":"(anonymous_16)","decl":{"start":{"line":157,"column":10},"end":{"line":157,"column":17}},"loc":{"start":{"line":157,"column":45},"end":{"line":180,"column":null}}},"6":{"name":"(anonymous_18)","decl":{"start":{"line":183,"column":10},"end":{"line":183,"column":23}},"loc":{"start":{"line":183,"column":51},"end":{"line":205,"column":null}}},"7":{"name":"(anonymous_20)","decl":{"start":{"line":207,"column":10},"end":{"line":207,"column":18}},"loc":{"start":{"line":207,"column":46},"end":{"line":220,"column":null}}},"8":{"name":"(anonymous_22)","decl":{"start":{"line":222,"column":10},"end":{"line":222,"column":24}},"loc":{"start":{"line":222,"column":52},"end":{"line":241,"column":null}}},"9":{"name":"(anonymous_24)","decl":{"start":{"line":244,"column":10},"end":{"line":244,"column":24}},"loc":{"start":{"line":244,"column":52},"end":{"line":288,"column":null}}},"10":{"name":"(anonymous_26)","decl":{"start":{"line":290,"column":10},"end":{"line":290,"column":23}},"loc":{"start":{"line":290,"column":51},"end":{"line":310,"column":null}}}},"branchMap":{"0":{"loc":{"start":{"line":19,"column":66},"end":{"line":19,"column":120}},"type":"cond-expr","locations":[{"start":{"line":19,"column":91},"end":{"line":19,"column":104}},{"start":{"line":19,"column":107},"end":{"line":19,"column":120}}]},"1":{"loc":{"start":{"line":31,"column":66},"end":{"line":31,"column":120}},"type":"cond-expr","locations":[{"start":{"line":31,"column":91},"end":{"line":31,"column":104}},{"start":{"line":31,"column":107},"end":{"line":31,"column":120}}]},"2":{"loc":{"start":{"line":41,"column":12},"end":{"line":43,"column":13}},"type":"if","locations":[{"start":{"line":41,"column":12},"end":{"line":43,"column":13}},{"start":{},"end":{}}]},"3":{"loc":{"start":{"line":41,"column":16},"end":{"line":41,"column":50}},"type":"binary-expr","locations":[{"start":{"line":41,"column":17},"end":{"line":41,"column":26}},{"start":{"line":41,"column":30},"end":{"line":41,"column":36}},{"start":{"line":41,"column":41},"end":{"line":41,"column":50}}]},"4":{"loc":{"start":{"line":50,"column":12},"end":{"line":54,"column":13}},"type":"if","locations":[{"start":{"line":50,"column":12},"end":{"line":54,"column":13}},{"start":{"line":52,"column":19},"end":{"line":54,"column":13}}]},"5":{"loc":{"start":{"line":52,"column":19},"end":{"line":54,"column":13}},"type":"if","locations":[{"start":{"line":52,"column":19},"end":{"line":54,"column":13}},{"start":{},"end":{}}]},"6":{"loc":{"start":{"line":62,"column":12},"end":{"line":106,"column":13}},"type":"if","locations":[{"start":{"line":62,"column":12},"end":{"line":106,"column":13}},{"start":{"line":64,"column":19},"end":{"line":106,"column":13}}]},"7":{"loc":{"start":{"line":67,"column":16},"end":{"line":105,"column":17}},"type":"if","locations":[{"start":{"line":67,"column":16},"end":{"line":105,"column":17}},{"start":{"line":69,"column":23},"end":{"line":105,"column":17}}]},"8":{"loc":{"start":{"line":91,"column":37},"end":{"line":91,"column":84}},"type":"cond-expr","locations":[{"start":{"line":91,"column":57},"end":{"line":91,"column":61}},{"start":{"line":91,"column":64},"end":{"line":91,"column":84}}]},"9":{"loc":{"start":{"line":92,"column":30},"end":{"line":92,"column":71}},"type":"cond-expr","locations":[{"start":{"line":92,"column":50},"end":{"line":92,"column":54}},{"start":{"line":92,"column":57},"end":{"line":92,"column":71}}]},"10":{"loc":{"start":{"line":93,"column":38},"end":{"line":93,"column":87}},"type":"cond-expr","locations":[{"start":{"line":93,"column":58},"end":{"line":93,"column":62}},{"start":{"line":93,"column":65},"end":{"line":93,"column":87}}]},"11":{"loc":{"start":{"line":110,"column":49},"end":{"line":110,"column":103}},"type":"cond-expr","locations":[{"start":{"line":110,"column":74},"end":{"line":110,"column":87}},{"start":{"line":110,"column":90},"end":{"line":110,"column":103}}]},"12":{"loc":{"start":{"line":127,"column":12},"end":{"line":150,"column":13}},"type":"if","locations":[{"start":{"line":127,"column":12},"end":{"line":150,"column":13}},{"start":{"line":129,"column":19},"end":{"line":150,"column":13}}]},"13":{"loc":{"start":{"line":136,"column":16},"end":{"line":149,"column":17}},"type":"if","locations":[{"start":{"line":136,"column":16},"end":{"line":149,"column":17}},{"start":{"line":147,"column":23},"end":{"line":149,"column":17}}]},"14":{"loc":{"start":{"line":152,"column":66},"end":{"line":152,"column":120}},"type":"cond-expr","locations":[{"start":{"line":152,"column":91},"end":{"line":152,"column":104}},{"start":{"line":152,"column":107},"end":{"line":152,"column":120}}]},"15":{"loc":{"start":{"line":165,"column":12},"end":{"line":176,"column":13}},"type":"if","locations":[{"start":{"line":165,"column":12},"end":{"line":176,"column":13}},{"start":{"line":174,"column":19},"end":{"line":176,"column":13}}]},"16":{"loc":{"start":{"line":178,"column":66},"end":{"line":178,"column":120}},"type":"cond-expr","locations":[{"start":{"line":178,"column":91},"end":{"line":178,"column":104}},{"start":{"line":178,"column":107},"end":{"line":178,"column":120}}]},"17":{"loc":{"start":{"line":192,"column":12},"end":{"line":201,"column":13}},"type":"if","locations":[{"start":{"line":192,"column":12},"end":{"line":201,"column":13}},{"start":{"line":199,"column":19},"end":{"line":201,"column":13}}]},"18":{"loc":{"start":{"line":203,"column":66},"end":{"line":203,"column":120}},"type":"cond-expr","locations":[{"start":{"line":203,"column":91},"end":{"line":203,"column":104}},{"start":{"line":203,"column":107},"end":{"line":203,"column":120}}]},"19":{"loc":{"start":{"line":218,"column":66},"end":{"line":218,"column":120}},"type":"cond-expr","locations":[{"start":{"line":218,"column":91},"end":{"line":218,"column":104}},{"start":{"line":218,"column":107},"end":{"line":218,"column":120}}]},"20":{"loc":{"start":{"line":233,"column":12},"end":{"line":237,"column":13}},"type":"if","locations":[{"start":{"line":233,"column":12},"end":{"line":237,"column":13}},{"start":{"line":235,"column":19},"end":{"line":237,"column":13}}]},"21":{"loc":{"start":{"line":239,"column":66},"end":{"line":239,"column":120}},"type":"cond-expr","locations":[{"start":{"line":239,"column":91},"end":{"line":239,"column":104}},{"start":{"line":239,"column":107},"end":{"line":239,"column":120}}]},"22":{"loc":{"start":{"line":255,"column":12},"end":{"line":284,"column":13}},"type":"if","locations":[{"start":{"line":255,"column":12},"end":{"line":284,"column":13}},{"start":{"line":282,"column":19},"end":{"line":284,"column":13}}]},"23":{"loc":{"start":{"line":263,"column":16},"end":{"line":281,"column":17}},"type":"if","locations":[{"start":{"line":263,"column":16},"end":{"line":281,"column":17}},{"start":{},"end":{}}]},"24":{"loc":{"start":{"line":267,"column":20},"end":{"line":279,"column":21}},"type":"if","locations":[{"start":{"line":267,"column":20},"end":{"line":279,"column":21}},{"start":{"line":277,"column":27},"end":{"line":279,"column":21}}]},"25":{"loc":{"start":{"line":286,"column":66},"end":{"line":286,"column":120}},"type":"cond-expr","locations":[{"start":{"line":286,"column":91},"end":{"line":286,"column":104}},{"start":{"line":286,"column":107},"end":{"line":286,"column":120}}]},"26":{"loc":{"start":{"line":300,"column":12},"end":{"line":306,"column":13}},"type":"if","locations":[{"start":{"line":300,"column":12},"end":{"line":306,"column":13}},{"start":{"line":304,"column":19},"end":{"line":306,"column":13}}]},"27":{"loc":{"start":{"line":308,"column":66},"end":{"line":308,"column":120}},"type":"cond-expr","locations":[{"start":{"line":308,"column":91},"end":{"line":308,"column":104}},{"start":{"line":308,"column":107},"end":{"line":308,"column":120}}]}},"s":{"0":1,"1":1,"2":1,"3":1,"4":1,"5":1,"6":1,"7":1,"8":1,"9":1,"10":1,"11":1,"12":0,"13":0,"14":0,"15":0,"16":0,"17":0,"18":0,"19":0,"20":0,"21":0,"22":0,"23":0,"24":0,"25":0,"26":0,"27":0,"28":0,"29":0,"30":0,"31":0,"32":0,"33":0,"34":0,"35":0,"36":0,"37":0,"38":0,"39":0,"40":0,"41":0,"42":0,"43":0,"44":0,"45":0,"46":0,"47":0,"48":0,"49":0,"50":0,"51":0,"52":0,"53":0,"54":0,"55":0,"56":0,"57":0,"58":0,"59":0,"60":0,"61":0,"62":0,"63":0,"64":0,"65":0,"66":0,"67":0,"68":0,"69":0,"70":0,"71":0,"72":0,"73":0,"74":0,"75":0,"76":0,"77":0,"78":0,"79":0,"80":0,"81":0,"82":0,"83":0,"84":0,"85":0,"86":0,"87":0,"88":0,"89":0,"90":0,"91":0,"92":0,"93":0,"94":0,"95":0,"96":0,"97":0,"98":1},"f":{"0":1,"1":1,"2":0,"3":0,"4":0,"5":0,"6":0,"7":0,"8":0,"9":0,"10":0},"b":{"0":[0,0],"1":[0,0],"2":[0,0],"3":[0,0,0],"4":[0,0],"5":[0,0],"6":[0,0],"7":[0,0],"8":[0,0],"9":[0,0],"10":[0,0],"11":[0,0],"12":[0,0],"13":[0,0],"14":[0,0],"15":[0,0],"16":[0,0],"17":[0,0],"18":[0,0],"19":[0,0],"20":[0,0],"21":[0,0],"22":[0,0],"23":[0,0],"24":[0,0],"25":[0,0],"26":[0,0],"27":[0,0]}}
,"D:\\node_project\\ERP_system_backend\\src\\controllers\\advertisementController.ts": {"path":"D:\\node_project\\ERP_system_backend\\src\\controllers\\advertisementController.ts","statementMap":{"0":{"start":{"line":2,"column":0},"end":{"line":2,"column":54}},"1":{"start":{"line":3,"column":0},"end":{"line":3,"column":52}},"2":{"start":{"line":4,"column":0},"end":{"line":4,"column":24}},"3":{"start":{"line":5,"column":0},"end":{"line":5,"column":20}},"4":{"start":{"line":9,"column":11},"end":{"line":9,"column":null}},"5":{"start":{"line":12,"column":8},"end":{"line":27,"column":9}},"6":{"start":{"line":13,"column":26},"end":{"line":15,"column":14}},"7":{"start":{"line":17,"column":27},"end":{"line":22,"column":14}},"8":{"start":{"line":18,"column":16},"end":{"line":20,"column":null}},"9":{"start":{"line":24,"column":12},"end":{"line":24,"column":null}},"10":{"start":{"line":26,"column":12},"end":{"line":26,"column":null}},"11":{"start":{"line":31,"column":8},"end":{"line":56,"column":9}},"12":{"start":{"line":33,"column":30},"end":{"line":33,"column":38}},"13":{"start":{"line":34,"column":28},"end":{"line":34,"column":37}},"14":{"start":{"line":35,"column":32},"end":{"line":35,"column":87}},"15":{"start":{"line":36,"column":28},"end":{"line":36,"column":72}},"16":{"start":{"line":37,"column":12},"end":{"line":52,"column":15}},"17":{"start":{"line":37,"column":54},"end":{"line":52,"column":14}},"18":{"start":{"line":38,"column":16},"end":{"line":51,"column":17}},"19":{"start":{"line":39,"column":20},"end":{"line":39,"column":null}},"20":{"start":{"line":41,"column":20},"end":{"line":44,"column":null}},"21":{"start":{"line":46,"column":20},"end":{"line":50,"column":21}},"22":{"start":{"line":47,"column":24},"end":{"line":47,"column":null}},"23":{"start":{"line":49,"column":24},"end":{"line":49,"column":null}},"24":{"start":{"line":55,"column":12},"end":{"line":55,"column":null}},"25":{"start":{"line":60,"column":8},"end":{"line":91,"column":9}},"26":{"start":{"line":61,"column":26},"end":{"line":65,"column":14}},"27":{"start":{"line":67,"column":12},"end":{"line":88,"column":13}},"28":{"start":{"line":68,"column":34},"end":{"line":68,"column":61}},"29":{"start":{"line":69,"column":16},"end":{"line":69,"column":52}},"30":{"start":{"line":71,"column":34},"end":{"line":71,"column":42}},"31":{"start":{"line":72,"column":32},"end":{"line":72,"column":41}},"32":{"start":{"line":73,"column":36},"end":{"line":73,"column":91}},"33":{"start":{"line":74,"column":32},"end":{"line":74,"column":76}},"34":{"start":{"line":76,"column":16},"end":{"line":85,"column":19}},"35":{"start":{"line":76,"column":58},"end":{"line":85,"column":18}},"36":{"start":{"line":77,"column":20},"end":{"line":84,"column":21}},"37":{"start":{"line":78,"column":24},"end":{"line":78,"column":null}},"38":{"start":{"line":80,"column":24},"end":{"line":82,"column":null}},"39":{"start":{"line":83,"column":24},"end":{"line":83,"column":null}},"40":{"start":{"line":87,"column":16},"end":{"line":87,"column":null}},"41":{"start":{"line":90,"column":12},"end":{"line":90,"column":null}},"42":{"start":{"line":95,"column":8},"end":{"line":111,"column":9}},"43":{"start":{"line":96,"column":26},"end":{"line":100,"column":14}},"44":{"start":{"line":102,"column":12},"end":{"line":106,"column":13}},"45":{"start":{"line":103,"column":34},"end":{"line":103,"column":61}},"46":{"start":{"line":104,"column":16},"end":{"line":104,"column":52}},"47":{"start":{"line":105,"column":16},"end":{"line":105,"column":null}},"48":{"start":{"line":108,"column":12},"end":{"line":108,"column":null}},"49":{"start":{"line":110,"column":12},"end":{"line":110,"column":null}},"50":{"start":{"line":8,"column":0},"end":{"line":8,"column":21}}},"fnMap":{"0":{"name":"(anonymous_8)","decl":{"start":{"line":8,"column":0},"end":{"line":8,"column":21}},"loc":{"start":{"line":8,"column":0},"end":{"line":114,"column":1}}},"1":{"name":"(anonymous_9)","decl":{"start":{"line":11,"column":10},"end":{"line":11,"column":15}},"loc":{"start":{"line":11,"column":43},"end":{"line":28,"column":null}}},"2":{"name":"(anonymous_11)","decl":{"start":{"line":17,"column":37},"end":{"line":17,"column":38}},"loc":{"start":{"line":17,"column":62},"end":{"line":22,"column":13}}},"3":{"name":"(anonymous_12)","decl":{"start":{"line":30,"column":10},"end":{"line":30,"column":15}},"loc":{"start":{"line":30,"column":43},"end":{"line":57,"column":null}}},"4":{"name":"(anonymous_14)","decl":{"start":{"line":37,"column":40},"end":{"line":37,"column":47}},"loc":{"start":{"line":37,"column":54},"end":{"line":52,"column":14}}},"5":{"name":"(anonymous_15)","decl":{"start":{"line":37,"column":54},"end":{"line":37,"column":null}},"loc":{"start":{"line":37,"column":54},"end":{"line":52,"column":13}}},"6":{"name":"(anonymous_16)","decl":{"start":{"line":59,"column":10},"end":{"line":59,"column":16}},"loc":{"start":{"line":59,"column":44},"end":{"line":92,"column":null}}},"7":{"name":"(anonymous_18)","decl":{"start":{"line":76,"column":44},"end":{"line":76,"column":51}},"loc":{"start":{"line":76,"column":58},"end":{"line":85,"column":18}}},"8":{"name":"(anonymous_19)","decl":{"start":{"line":76,"column":58},"end":{"line":76,"column":null}},"loc":{"start":{"line":76,"column":58},"end":{"line":85,"column":17}}},"9":{"name":"(anonymous_20)","decl":{"start":{"line":94,"column":10},"end":{"line":94,"column":17}},"loc":{"start":{"line":94,"column":45},"end":{"line":112,"column":null}}}},"branchMap":{"0":{"loc":{"start":{"line":19,"column":23},"end":{"line":19,"column":38}},"type":"cond-expr","locations":[{"start":{"line":19,"column":28},"end":{"line":19,"column":30}},{"start":{"line":19,"column":23},"end":{"line":19,"column":38}}]},"1":{"loc":{"start":{"line":19,"column":23},"end":{"line":19,"column":30}},"type":"binary-expr","locations":[{"start":{"line":19,"column":23},"end":{"line":19,"column":30}},{"start":{"line":19,"column":23},"end":{"line":19,"column":30}}]},"2":{"loc":{"start":{"line":26,"column":66},"end":{"line":26,"column":120}},"type":"cond-expr","locations":[{"start":{"line":26,"column":91},"end":{"line":26,"column":104}},{"start":{"line":26,"column":107},"end":{"line":26,"column":120}}]},"3":{"loc":{"start":{"line":38,"column":16},"end":{"line":51,"column":17}},"type":"if","locations":[{"start":{"line":38,"column":16},"end":{"line":51,"column":17}},{"start":{"line":40,"column":23},"end":{"line":51,"column":17}}]},"4":{"loc":{"start":{"line":46,"column":20},"end":{"line":50,"column":21}},"type":"if","locations":[{"start":{"line":46,"column":20},"end":{"line":50,"column":21}},{"start":{"line":48,"column":27},"end":{"line":50,"column":21}}]},"5":{"loc":{"start":{"line":55,"column":66},"end":{"line":55,"column":120}},"type":"cond-expr","locations":[{"start":{"line":55,"column":91},"end":{"line":55,"column":104}},{"start":{"line":55,"column":107},"end":{"line":55,"column":120}}]},"6":{"loc":{"start":{"line":67,"column":12},"end":{"line":88,"column":13}},"type":"if","locations":[{"start":{"line":67,"column":12},"end":{"line":88,"column":13}},{"start":{"line":86,"column":19},"end":{"line":88,"column":13}}]},"7":{"loc":{"start":{"line":77,"column":20},"end":{"line":84,"column":21}},"type":"if","locations":[{"start":{"line":77,"column":20},"end":{"line":84,"column":21}},{"start":{"line":79,"column":27},"end":{"line":84,"column":21}}]},"8":{"loc":{"start":{"line":90,"column":66},"end":{"line":90,"column":120}},"type":"cond-expr","locations":[{"start":{"line":90,"column":91},"end":{"line":90,"column":104}},{"start":{"line":90,"column":107},"end":{"line":90,"column":120}}]},"9":{"loc":{"start":{"line":102,"column":12},"end":{"line":106,"column":13}},"type":"if","locations":[{"start":{"line":102,"column":12},"end":{"line":106,"column":13}},{"start":{},"end":{}}]},"10":{"loc":{"start":{"line":110,"column":66},"end":{"line":110,"column":120}},"type":"cond-expr","locations":[{"start":{"line":110,"column":91},"end":{"line":110,"column":104}},{"start":{"line":110,"column":107},"end":{"line":110,"column":120}}]}},"s":{"0":1,"1":1,"2":1,"3":1,"4":1,"5":0,"6":0,"7":0,"8":0,"9":0,"10":0,"11":0,"12":0,"13":0,"14":0,"15":0,"16":0,"17":0,"18":0,"19":0,"20":0,"21":0,"22":0,"23":0,"24":0,"25":0,"26":0,"27":0,"28":0,"29":0,"30":0,"31":0,"32":0,"33":0,"34":0,"35":0,"36":0,"37":0,"38":0,"39":0,"40":0,"41":0,"42":0,"43":0,"44":0,"45":0,"46":0,"47":0,"48":0,"49":0,"50":1},"f":{"0":1,"1":0,"2":0,"3":0,"4":0,"5":0,"6":0,"7":0,"8":0,"9":0},"b":{"0":[0,0],"1":[0,0],"2":[0,0],"3":[0,0],"4":[0,0],"5":[0,0],"6":[0,0],"7":[0,0],"8":[0,0],"9":[0,0],"10":[0,0]}}
,"D:\\node_project\\ERP_system_backend\\src\\controllers\\cartController.ts": {"path":"D:\\node_project\\ERP_system_backend\\src\\controllers\\cartController.ts","statementMap":{"0":{"start":{"line":2,"column":0},"end":{"line":2,"column":54}},"1":{"start":{"line":3,"column":0},"end":{"line":3,"column":36}},"2":{"start":{"line":4,"column":0},"end":{"line":4,"column":48}},"3":{"start":{"line":5,"column":0},"end":{"line":5,"column":34}},"4":{"start":{"line":6,"column":0},"end":{"line":6,"column":34}},"5":{"start":{"line":7,"column":0},"end":{"line":7,"column":46}},"6":{"start":{"line":8,"column":0},"end":{"line":8,"column":60}},"7":{"start":{"line":9,"column":0},"end":{"line":9,"column":42}},"8":{"start":{"line":10,"column":0},"end":{"line":10,"column":31}},"9":{"start":{"line":11,"column":0},"end":{"line":11,"column":26}},"10":{"start":{"line":14,"column":11},"end":{"line":14,"column":null}},"11":{"start":{"line":17,"column":8},"end":{"line":30,"column":9}},"12":{"start":{"line":18,"column":27},"end":{"line":18,"column":42}},"13":{"start":{"line":20,"column":12},"end":{"line":25,"column":13}},"14":{"start":{"line":20,"column":25},"end":{"line":20,"column":26}},"15":{"start":{"line":21,"column":16},"end":{"line":24,"column":null}},"16":{"start":{"line":27,"column":12},"end":{"line":27,"column":null}},"17":{"start":{"line":29,"column":12},"end":{"line":29,"column":null}},"18":{"start":{"line":34,"column":8},"end":{"line":106,"column":9}},"19":{"start":{"line":35,"column":28},"end":{"line":35,"column":45}},"20":{"start":{"line":36,"column":25},"end":{"line":36,"column":53}},"21":{"start":{"line":39,"column":26},"end":{"line":46,"column":14}},"22":{"start":{"line":49,"column":27},"end":{"line":100,"column":null}},"23":{"start":{"line":50,"column":47},"end":{"line":100,"column":18}},"24":{"start":{"line":51,"column":38},"end":{"line":77,"column":22}},"25":{"start":{"line":79,"column":37},"end":{"line":79,"column":69}},"26":{"start":{"line":80,"column":20},"end":{"line":88,"column":21}},"27":{"start":{"line":81,"column":24},"end":{"line":83,"column":25}},"28":{"start":{"line":82,"column":28},"end":{"line":82,"column":null}},"29":{"start":{"line":85,"column":24},"end":{"line":87,"column":25}},"30":{"start":{"line":86,"column":28},"end":{"line":86,"column":112}},"31":{"start":{"line":90,"column":20},"end":{"line":99,"column":22}},"32":{"start":{"line":103,"column":12},"end":{"line":103,"column":null}},"33":{"start":{"line":105,"column":12},"end":{"line":105,"column":null}},"34":{"start":{"line":110,"column":8},"end":{"line":146,"column":9}},"35":{"start":{"line":111,"column":12},"end":{"line":142,"column":13}},"36":{"start":{"line":113,"column":43},"end":{"line":116,"column":22}},"37":{"start":{"line":117,"column":20},"end":{"line":117,"column":null}},"38":{"start":{"line":118,"column":20},"end":{"line":118,"column":25}},"39":{"start":{"line":120,"column":41},"end":{"line":126,"column":22}},"40":{"start":{"line":127,"column":20},"end":{"line":136,"column":21}},"41":{"start":{"line":128,"column":24},"end":{"line":128,"column":null}},"42":{"start":{"line":130,"column":47},"end":{"line":134,"column":26}},"43":{"start":{"line":135,"column":24},"end":{"line":135,"column":null}},"44":{"start":{"line":138,"column":20},"end":{"line":138,"column":25}},"45":{"start":{"line":140,"column":20},"end":{"line":140,"column":null}},"46":{"start":{"line":141,"column":20},"end":{"line":141,"column":25}},"47":{"start":{"line":145,"column":12},"end":{"line":145,"column":null}},"48":{"start":{"line":150,"column":8},"end":{"line":166,"column":9}},"49":{"start":{"line":151,"column":31},"end":{"line":156,"column":14}},"50":{"start":{"line":158,"column":12},"end":{"line":162,"column":13}},"51":{"start":{"line":159,"column":16},"end":{"line":159,"column":null}},"52":{"start":{"line":161,"column":16},"end":{"line":161,"column":null}},"53":{"start":{"line":165,"column":12},"end":{"line":165,"column":null}},"54":{"start":{"line":170,"column":8},"end":{"line":262,"column":9}},"55":{"start":{"line":171,"column":25},"end":{"line":171,"column":33}},"56":{"start":{"line":172,"column":29},"end":{"line":172,"column":30}},"57":{"start":{"line":175,"column":41},"end":{"line":179,"column":14}},"58":{"start":{"line":181,"column":12},"end":{"line":259,"column":13}},"59":{"start":{"line":182,"column":37},"end":{"line":240,"column":18}},"60":{"start":{"line":182,"column":82},"end":{"line":240,"column":18}},"61":{"start":{"line":184,"column":38},"end":{"line":189,"column":22}},"62":{"start":{"line":192,"column":33},"end":{"line":192,"column":61}},"63":{"start":{"line":193,"column":42},"end":{"line":200,"column":22}},"64":{"start":{"line":202,"column":20},"end":{"line":212,"column":21}},"65":{"start":{"line":203,"column":24},"end":{"line":206,"column":25}},"66":{"start":{"line":204,"column":43},"end":{"line":204,"column":105}},"67":{"start":{"line":205,"column":28},"end":{"line":205,"column":null}},"68":{"start":{"line":208,"column":24},"end":{"line":211,"column":25}},"69":{"start":{"line":209,"column":42},"end":{"line":209,"column":129}},"70":{"start":{"line":210,"column":28},"end":{"line":210,"column":null}},"71":{"start":{"line":215,"column":20},"end":{"line":219,"column":null}},"72":{"start":{"line":222,"column":20},"end":{"line":239,"column":21}},"73":{"start":{"line":222,"column":33},"end":{"line":222,"column":34}},"74":{"start":{"line":224,"column":57},"end":{"line":230,"column":26}},"75":{"start":{"line":232,"column":24},"end":{"line":238,"column":25}},"76":{"start":{"line":233,"column":28},"end":{"line":237,"column":null}},"77":{"start":{"line":243,"column":16},"end":{"line":243,"column":48}},"78":{"start":{"line":246,"column":40},"end":{"line":254,"column":22}},"79":{"start":{"line":256,"column":16},"end":{"line":256,"column":null}},"80":{"start":{"line":258,"column":16},"end":{"line":258,"column":null}},"81":{"start":{"line":261,"column":12},"end":{"line":261,"column":null}},"82":{"start":{"line":13,"column":0},"end":{"line":13,"column":21}}},"fnMap":{"0":{"name":"(anonymous_8)","decl":{"start":{"line":13,"column":0},"end":{"line":13,"column":21}},"loc":{"start":{"line":13,"column":0},"end":{"line":264,"column":1}}},"1":{"name":"(anonymous_9)","decl":{"start":{"line":16,"column":10},"end":{"line":16,"column":15}},"loc":{"start":{"line":16,"column":43},"end":{"line":31,"column":null}}},"2":{"name":"(anonymous_11)","decl":{"start":{"line":33,"column":10},"end":{"line":33,"column":14}},"loc":{"start":{"line":33,"column":42},"end":{"line":107,"column":null}}},"3":{"name":"(anonymous_13)","decl":{"start":{"line":50,"column":26},"end":{"line":50,"column":33}},"loc":{"start":{"line":50,"column":47},"end":{"line":100,"column":18}}},"4":{"name":"(anonymous_14)","decl":{"start":{"line":50,"column":47},"end":{"line":50,"column":null}},"loc":{"start":{"line":50,"column":47},"end":{"line":100,"column":17}}},"5":{"name":"(anonymous_15)","decl":{"start":{"line":109,"column":10},"end":{"line":109,"column":16}},"loc":{"start":{"line":109,"column":44},"end":{"line":147,"column":null}}},"6":{"name":"(anonymous_17)","decl":{"start":{"line":149,"column":10},"end":{"line":149,"column":17}},"loc":{"start":{"line":149,"column":45},"end":{"line":167,"column":null}}},"7":{"name":"(anonymous_19)","decl":{"start":{"line":169,"column":10},"end":{"line":169,"column":16}},"loc":{"start":{"line":169,"column":44},"end":{"line":263,"column":null}}},"8":{"name":"(anonymous_21)","decl":{"start":{"line":182,"column":51},"end":{"line":182,"column":58}},"loc":{"start":{"line":182,"column":82},"end":{"line":240,"column":18}}},"9":{"name":"(anonymous_22)","decl":{"start":{"line":182,"column":82},"end":{"line":182,"column":null}},"loc":{"start":{"line":182,"column":82},"end":{"line":240,"column":17}}}},"branchMap":{"0":{"loc":{"start":{"line":29,"column":66},"end":{"line":29,"column":120}},"type":"cond-expr","locations":[{"start":{"line":29,"column":91},"end":{"line":29,"column":104}},{"start":{"line":29,"column":107},"end":{"line":29,"column":120}}]},"1":{"loc":{"start":{"line":80,"column":20},"end":{"line":88,"column":21}},"type":"if","locations":[{"start":{"line":80,"column":20},"end":{"line":88,"column":21}},{"start":{},"end":{}}]},"2":{"loc":{"start":{"line":81,"column":24},"end":{"line":83,"column":25}},"type":"if","locations":[{"start":{"line":81,"column":24},"end":{"line":83,"column":25}},{"start":{},"end":{}}]},"3":{"loc":{"start":{"line":85,"column":24},"end":{"line":87,"column":25}},"type":"if","locations":[{"start":{"line":85,"column":24},"end":{"line":87,"column":25}},{"start":{},"end":{}}]},"4":{"loc":{"start":{"line":97,"column":34},"end":{"line":97,"column":54}},"type":"cond-expr","locations":[{"start":{"line":97,"column":48},"end":{"line":97,"column":52}},{"start":{"line":97,"column":52},"end":{"line":97,"column":54}}]},"5":{"loc":{"start":{"line":97,"column":34},"end":{"line":97,"column":52}},"type":"binary-expr","locations":[{"start":{"line":97,"column":34},"end":{"line":97,"column":52}},{"start":{"line":97,"column":48},"end":{"line":97,"column":52}}]},"6":{"loc":{"start":{"line":105,"column":66},"end":{"line":105,"column":120}},"type":"cond-expr","locations":[{"start":{"line":105,"column":91},"end":{"line":105,"column":104}},{"start":{"line":105,"column":107},"end":{"line":105,"column":120}}]},"7":{"loc":{"start":{"line":111,"column":12},"end":{"line":142,"column":13}},"type":"switch","locations":[{"start":{"line":112,"column":16},"end":{"line":118,"column":25}},{"start":{"line":119,"column":16},"end":{"line":138,"column":25}},{"start":{"line":139,"column":16},"end":{"line":141,"column":25}}]},"8":{"loc":{"start":{"line":127,"column":20},"end":{"line":136,"column":21}},"type":"if","locations":[{"start":{"line":127,"column":20},"end":{"line":136,"column":21}},{"start":{"line":129,"column":27},"end":{"line":136,"column":21}}]},"9":{"loc":{"start":{"line":145,"column":66},"end":{"line":145,"column":120}},"type":"cond-expr","locations":[{"start":{"line":145,"column":91},"end":{"line":145,"column":104}},{"start":{"line":145,"column":107},"end":{"line":145,"column":120}}]},"10":{"loc":{"start":{"line":158,"column":12},"end":{"line":162,"column":13}},"type":"if","locations":[{"start":{"line":158,"column":12},"end":{"line":162,"column":13}},{"start":{"line":160,"column":19},"end":{"line":162,"column":13}}]},"11":{"loc":{"start":{"line":165,"column":66},"end":{"line":165,"column":120}},"type":"cond-expr","locations":[{"start":{"line":165,"column":91},"end":{"line":165,"column":104}},{"start":{"line":165,"column":107},"end":{"line":165,"column":120}}]},"12":{"loc":{"start":{"line":181,"column":12},"end":{"line":259,"column":13}},"type":"if","locations":[{"start":{"line":181,"column":12},"end":{"line":259,"column":13}},{"start":{"line":257,"column":19},"end":{"line":259,"column":13}}]},"13":{"loc":{"start":{"line":202,"column":20},"end":{"line":212,"column":21}},"type":"if","locations":[{"start":{"line":202,"column":20},"end":{"line":212,"column":21}},{"start":{},"end":{}}]},"14":{"loc":{"start":{"line":202,"column":24},"end":{"line":202,"column":66}},"type":"binary-expr","locations":[{"start":{"line":202,"column":24},"end":{"line":202,"column":45}},{"start":{"line":202,"column":49},"end":{"line":202,"column":66}}]},"15":{"loc":{"start":{"line":203,"column":24},"end":{"line":206,"column":25}},"type":"if","locations":[{"start":{"line":203,"column":24},"end":{"line":206,"column":25}},{"start":{},"end":{}}]},"16":{"loc":{"start":{"line":203,"column":28},"end":{"line":203,"column":111}},"type":"binary-expr","locations":[{"start":{"line":203,"column":28},"end":{"line":203,"column":65}},{"start":{"line":203,"column":69},"end":{"line":203,"column":111}}]},"17":{"loc":{"start":{"line":208,"column":24},"end":{"line":211,"column":25}},"type":"if","locations":[{"start":{"line":208,"column":24},"end":{"line":211,"column":25}},{"start":{},"end":{}}]},"18":{"loc":{"start":{"line":208,"column":28},"end":{"line":208,"column":113}},"type":"binary-expr","locations":[{"start":{"line":208,"column":28},"end":{"line":208,"column":66}},{"start":{"line":208,"column":70},"end":{"line":208,"column":113}}]},"19":{"loc":{"start":{"line":232,"column":24},"end":{"line":238,"column":25}},"type":"if","locations":[{"start":{"line":232,"column":24},"end":{"line":238,"column":25}},{"start":{},"end":{}}]},"20":{"loc":{"start":{"line":261,"column":66},"end":{"line":261,"column":120}},"type":"cond-expr","locations":[{"start":{"line":261,"column":91},"end":{"line":261,"column":104}},{"start":{"line":261,"column":107},"end":{"line":261,"column":120}}]}},"s":{"0":1,"1":1,"2":1,"3":1,"4":1,"5":1,"6":1,"7":1,"8":1,"9":1,"10":1,"11":0,"12":0,"13":0,"14":0,"15":0,"16":0,"17":0,"18":0,"19":0,"20":0,"21":0,"22":0,"23":0,"24":0,"25":0,"26":0,"27":0,"28":0,"29":0,"30":0,"31":0,"32":0,"33":0,"34":0,"35":0,"36":0,"37":0,"38":0,"39":0,"40":0,"41":0,"42":0,"43":0,"44":0,"45":0,"46":0,"47":0,"48":0,"49":0,"50":0,"51":0,"52":0,"53":0,"54":0,"55":0,"56":0,"57":0,"58":0,"59":0,"60":0,"61":0,"62":0,"63":0,"64":0,"65":0,"66":0,"67":0,"68":0,"69":0,"70":0,"71":0,"72":0,"73":0,"74":0,"75":0,"76":0,"77":0,"78":0,"79":0,"80":0,"81":0,"82":1},"f":{"0":1,"1":0,"2":0,"3":0,"4":0,"5":0,"6":0,"7":0,"8":0,"9":0},"b":{"0":[0,0],"1":[0,0],"2":[0,0],"3":[0,0],"4":[0,0],"5":[0,0],"6":[0,0],"7":[0,0,0],"8":[0,0],"9":[0,0],"10":[0,0],"11":[0,0],"12":[0,0],"13":[0,0],"14":[0,0],"15":[0,0],"16":[0,0],"17":[0,0],"18":[0,0],"19":[0,0],"20":[0,0]}}
,"D:\\node_project\\ERP_system_backend\\src\\controllers\\discountController.ts": {"path":"D:\\node_project\\ERP_system_backend\\src\\controllers\\discountController.ts","statementMap":{"0":{"start":{"line":2,"column":0},"end":{"line":2,"column":54}},"1":{"start":{"line":3,"column":0},"end":{"line":3,"column":42}},"2":{"start":{"line":4,"column":0},"end":{"line":4,"column":31}},"3":{"start":{"line":7,"column":11},"end":{"line":7,"column":null}},"4":{"start":{"line":10,"column":8},"end":{"line":20,"column":9}},"5":{"start":{"line":11,"column":26},"end":{"line":14,"column":null}},"6":{"start":{"line":17,"column":12},"end":{"line":17,"column":null}},"7":{"start":{"line":19,"column":12},"end":{"line":19,"column":148}},"8":{"start":{"line":25,"column":8},"end":{"line":47,"column":9}},"9":{"start":{"line":26,"column":37},"end":{"line":26,"column":39}},"10":{"start":{"line":27,"column":28},"end":{"line":27,"column":45}},"11":{"start":{"line":28,"column":25},"end":{"line":28,"column":39}},"12":{"start":{"line":30,"column":12},"end":{"line":34,"column":13}},"13":{"start":{"line":32,"column":16},"end":{"line":32,"column":77}},"14":{"start":{"line":33,"column":16},"end":{"line":33,"column":75}},"15":{"start":{"line":36,"column":12},"end":{"line":38,"column":13}},"16":{"start":{"line":37,"column":16},"end":{"line":37,"column":54}},"17":{"start":{"line":40,"column":26},"end":{"line":42,"column":14}},"18":{"start":{"line":44,"column":12},"end":{"line":44,"column":61}},"19":{"start":{"line":46,"column":12},"end":{"line":46,"column":148}},"20":{"start":{"line":52,"column":8},"end":{"line":70,"column":9}},"21":{"start":{"line":53,"column":81},"end":{"line":53,"column":89}},"22":{"start":{"line":54,"column":26},"end":{"line":60,"column":14}},"23":{"start":{"line":62,"column":12},"end":{"line":66,"column":13}},"24":{"start":{"line":63,"column":16},"end":{"line":63,"column":null}},"25":{"start":{"line":65,"column":16},"end":{"line":65,"column":null}},"26":{"start":{"line":69,"column":12},"end":{"line":69,"column":148}},"27":{"start":{"line":75,"column":8},"end":{"line":89,"column":9}},"28":{"start":{"line":76,"column":26},"end":{"line":80,"column":14}},"29":{"start":{"line":82,"column":12},"end":{"line":86,"column":13}},"30":{"start":{"line":83,"column":16},"end":{"line":83,"column":null}},"31":{"start":{"line":85,"column":16},"end":{"line":85,"column":null}},"32":{"start":{"line":88,"column":12},"end":{"line":88,"column":148}},"33":{"start":{"line":6,"column":0},"end":{"line":6,"column":21}}},"fnMap":{"0":{"name":"(anonymous_8)","decl":{"start":{"line":6,"column":0},"end":{"line":6,"column":21}},"loc":{"start":{"line":6,"column":0},"end":{"line":92,"column":1}}},"1":{"name":"(anonymous_9)","decl":{"start":{"line":9,"column":10},"end":{"line":9,"column":15}},"loc":{"start":{"line":9,"column":43},"end":{"line":21,"column":null}}},"2":{"name":"(anonymous_11)","decl":{"start":{"line":24,"column":10},"end":{"line":24,"column":14}},"loc":{"start":{"line":24,"column":42},"end":{"line":48,"column":null}}},"3":{"name":"(anonymous_13)","decl":{"start":{"line":51,"column":10},"end":{"line":51,"column":15}},"loc":{"start":{"line":51,"column":43},"end":{"line":71,"column":null}}},"4":{"name":"(anonymous_15)","decl":{"start":{"line":74,"column":10},"end":{"line":74,"column":17}},"loc":{"start":{"line":74,"column":45},"end":{"line":90,"column":null}}}},"branchMap":{"0":{"loc":{"start":{"line":19,"column":90},"end":{"line":19,"column":144}},"type":"cond-expr","locations":[{"start":{"line":19,"column":115},"end":{"line":19,"column":128}},{"start":{"line":19,"column":131},"end":{"line":19,"column":144}}]},"1":{"loc":{"start":{"line":30,"column":12},"end":{"line":34,"column":13}},"type":"if","locations":[{"start":{"line":30,"column":12},"end":{"line":34,"column":13}},{"start":{},"end":{}}]},"2":{"loc":{"start":{"line":36,"column":12},"end":{"line":38,"column":13}},"type":"if","locations":[{"start":{"line":36,"column":12},"end":{"line":38,"column":13}},{"start":{},"end":{}}]},"3":{"loc":{"start":{"line":46,"column":90},"end":{"line":46,"column":144}},"type":"cond-expr","locations":[{"start":{"line":46,"column":115},"end":{"line":46,"column":128}},{"start":{"line":46,"column":131},"end":{"line":46,"column":144}}]},"4":{"loc":{"start":{"line":56,"column":34},"end":{"line":56,"column":56}},"type":"cond-expr","locations":[{"start":{"line":56,"column":34},"end":{"line":56,"column":48}},{"start":{"line":56,"column":52},"end":{"line":56,"column":56}}]},"5":{"loc":{"start":{"line":56,"column":34},"end":{"line":56,"column":52}},"type":"binary-expr","locations":[{"start":{"line":56,"column":34},"end":{"line":56,"column":52}},{"start":{"line":56,"column":34},"end":{"line":56,"column":52}}]},"6":{"loc":{"start":{"line":57,"column":35},"end":{"line":57,"column":58}},"type":"cond-expr","locations":[{"start":{"line":57,"column":35},"end":{"line":57,"column":50}},{"start":{"line":57,"column":54},"end":{"line":57,"column":58}}]},"7":{"loc":{"start":{"line":57,"column":35},"end":{"line":57,"column":54}},"type":"binary-expr","locations":[{"start":{"line":57,"column":35},"end":{"line":57,"column":54}},{"start":{"line":57,"column":35},"end":{"line":57,"column":54}}]},"8":{"loc":{"start":{"line":62,"column":12},"end":{"line":66,"column":13}},"type":"if","locations":[{"start":{"line":62,"column":12},"end":{"line":66,"column":13}},{"start":{"line":64,"column":19},"end":{"line":66,"column":13}}]},"9":{"loc":{"start":{"line":69,"column":90},"end":{"line":69,"column":144}},"type":"cond-expr","locations":[{"start":{"line":69,"column":115},"end":{"line":69,"column":128}},{"start":{"line":69,"column":131},"end":{"line":69,"column":144}}]},"10":{"loc":{"start":{"line":82,"column":12},"end":{"line":86,"column":13}},"type":"if","locations":[{"start":{"line":82,"column":12},"end":{"line":86,"column":13}},{"start":{"line":84,"column":19},"end":{"line":86,"column":13}}]},"11":{"loc":{"start":{"line":88,"column":90},"end":{"line":88,"column":144}},"type":"cond-expr","locations":[{"start":{"line":88,"column":115},"end":{"line":88,"column":128}},{"start":{"line":88,"column":131},"end":{"line":88,"column":144}}]}},"s":{"0":1,"1":1,"2":1,"3":1,"4":0,"5":0,"6":0,"7":0,"8":0,"9":0,"10":0,"11":0,"12":0,"13":0,"14":0,"15":0,"16":0,"17":0,"18":0,"19":0,"20":0,"21":0,"22":0,"23":0,"24":0,"25":0,"26":0,"27":0,"28":0,"29":0,"30":0,"31":0,"32":0,"33":1},"f":{"0":1,"1":0,"2":0,"3":0,"4":0},"b":{"0":[0,0],"1":[0,0],"2":[0,0],"3":[0,0],"4":[0,0],"5":[0,0],"6":[0,0],"7":[0,0],"8":[0,0],"9":[0,0],"10":[0,0],"11":[0,0]}}
,"D:\\node_project\\ERP_system_backend\\src\\controllers\\itemsController.ts": {"path":"D:\\node_project\\ERP_system_backend\\src\\controllers\\itemsController.ts","statementMap":{"0":{"start":{"line":2,"column":0},"end":{"line":2,"column":54}},"1":{"start":{"line":3,"column":0},"end":{"line":3,"column":20}},"2":{"start":{"line":4,"column":0},"end":{"line":4,"column":24}},"3":{"start":{"line":5,"column":0},"end":{"line":5,"column":36}},"4":{"start":{"line":6,"column":0},"end":{"line":6,"column":48}},"5":{"start":{"line":7,"column":0},"end":{"line":7,"column":31}},"6":{"start":{"line":8,"column":0},"end":{"line":8,"column":42}},"7":{"start":{"line":9,"column":0},"end":{"line":9,"column":57}},"8":{"start":{"line":10,"column":0},"end":{"line":10,"column":26}},"9":{"start":{"line":13,"column":11},"end":{"line":13,"column":null}},"10":{"start":{"line":16,"column":8},"end":{"line":93,"column":9}},"11":{"start":{"line":17,"column":28},"end":{"line":17,"column":50}},"12":{"start":{"line":18,"column":30},"end":{"line":18,"column":33}},"13":{"start":{"line":19,"column":26},"end":{"line":19,"column":46}},"14":{"start":{"line":21,"column":37},"end":{"line":21,"column":39}},"15":{"start":{"line":22,"column":45},"end":{"line":22,"column":47}},"16":{"start":{"line":25,"column":12},"end":{"line":28,"column":13}},"17":{"start":{"line":26,"column":16},"end":{"line":26,"column":74}},"18":{"start":{"line":27,"column":16},"end":{"line":27,"column":null}},"19":{"start":{"line":31,"column":12},"end":{"line":37,"column":13}},"20":{"start":{"line":32,"column":38},"end":{"line":32,"column":69}},"21":{"start":{"line":33,"column":16},"end":{"line":35,"column":18}},"22":{"start":{"line":36,"column":16},"end":{"line":36,"column":null}},"23":{"start":{"line":40,"column":12},"end":{"line":44,"column":13}},"24":{"start":{"line":41,"column":16},"end":{"line":41,"column":95}},"25":{"start":{"line":42,"column":16},"end":{"line":42,"column":93}},"26":{"start":{"line":43,"column":16},"end":{"line":43,"column":null}},"27":{"start":{"line":47,"column":27},"end":{"line":47,"column":59}},"28":{"start":{"line":48,"column":12},"end":{"line":90,"column":13}},"29":{"start":{"line":49,"column":16},"end":{"line":49,"column":66}},"30":{"start":{"line":51,"column":30},"end":{"line":73,"column":18}},"31":{"start":{"line":76,"column":40},"end":{"line":84,"column":18}},"32":{"start":{"line":77,"column":35},"end":{"line":77,"column":52}},"33":{"start":{"line":78,"column":36},"end":{"line":78,"column":98}},"34":{"start":{"line":78,"column":64},"end":{"line":78,"column":97}},"35":{"start":{"line":80,"column":20},"end":{"line":82,"column":null}},"36":{"start":{"line":85,"column":16},"end":{"line":87,"column":17}},"37":{"start":{"line":86,"column":20},"end":{"line":86,"column":81}},"38":{"start":{"line":89,"column":16},"end":{"line":89,"column":75}},"39":{"start":{"line":92,"column":12},"end":{"line":92,"column":148}},"40":{"start":{"line":99,"column":8},"end":{"line":143,"column":9}},"41":{"start":{"line":100,"column":31},"end":{"line":106,"column":14}},"42":{"start":{"line":108,"column":12},"end":{"line":110,"column":13}},"43":{"start":{"line":109,"column":16},"end":{"line":109,"column":92}},"44":{"start":{"line":111,"column":31},"end":{"line":111,"column":40}},"45":{"start":{"line":112,"column":12},"end":{"line":139,"column":13}},"46":{"start":{"line":114,"column":16},"end":{"line":138,"column":18}},"47":{"start":{"line":115,"column":65},"end":{"line":137,"column":22}},"48":{"start":{"line":116,"column":40},"end":{"line":116,"column":49}},"49":{"start":{"line":117,"column":44},"end":{"line":117,"column":112}},"50":{"start":{"line":118,"column":40},"end":{"line":118,"column":75}},"51":{"start":{"line":121,"column":24},"end":{"line":129,"column":27}},"52":{"start":{"line":122,"column":28},"end":{"line":128,"column":31}},"53":{"start":{"line":123,"column":32},"end":{"line":127,"column":33}},"54":{"start":{"line":124,"column":36},"end":{"line":124,"column":null}},"55":{"start":{"line":126,"column":36},"end":{"line":126,"column":null}},"56":{"start":{"line":132,"column":24},"end":{"line":136,"column":27}},"57":{"start":{"line":140,"column":12},"end":{"line":140,"column":66}},"58":{"start":{"line":142,"column":12},"end":{"line":142,"column":96}},"59":{"start":{"line":147,"column":8},"end":{"line":205,"column":9}},"60":{"start":{"line":148,"column":25},"end":{"line":152,"column":14}},"61":{"start":{"line":154,"column":12},"end":{"line":200,"column":13}},"62":{"start":{"line":155,"column":16},"end":{"line":155,"column":89}},"63":{"start":{"line":157,"column":16},"end":{"line":163,"column":19}},"64":{"start":{"line":165,"column":16},"end":{"line":199,"column":17}},"65":{"start":{"line":166,"column":39},"end":{"line":166,"column":48}},"66":{"start":{"line":169,"column":38},"end":{"line":169,"column":96}},"67":{"start":{"line":170,"column":20},"end":{"line":174,"column":24}},"68":{"start":{"line":170,"column":73},"end":{"line":174,"column":22}},"69":{"start":{"line":171,"column":42},"end":{"line":171,"column":63}},"70":{"start":{"line":172,"column":24},"end":{"line":172,"column":60}},"71":{"start":{"line":173,"column":24},"end":{"line":173,"column":46}},"72":{"start":{"line":177,"column":20},"end":{"line":198,"column":22}},"73":{"start":{"line":178,"column":69},"end":{"line":197,"column":26}},"74":{"start":{"line":179,"column":44},"end":{"line":179,"column":53}},"75":{"start":{"line":180,"column":48},"end":{"line":180,"column":116}},"76":{"start":{"line":181,"column":44},"end":{"line":181,"column":79}},"77":{"start":{"line":184,"column":28},"end":{"line":189,"column":31}},"78":{"start":{"line":185,"column":32},"end":{"line":188,"column":35}},"79":{"start":{"line":186,"column":36},"end":{"line":187,"column":62}},"80":{"start":{"line":186,"column":45},"end":{"line":186,"column":57}},"81":{"start":{"line":187,"column":41},"end":{"line":187,"column":62}},"82":{"start":{"line":192,"column":28},"end":{"line":196,"column":31}},"83":{"start":{"line":202,"column":12},"end":{"line":202,"column":83}},"84":{"start":{"line":204,"column":12},"end":{"line":204,"column":96}},"85":{"start":{"line":210,"column":8},"end":{"line":267,"column":9}},"86":{"start":{"line":211,"column":25},"end":{"line":211,"column":53}},"87":{"start":{"line":213,"column":30},"end":{"line":213,"column":33}},"88":{"start":{"line":214,"column":26},"end":{"line":214,"column":46}},"89":{"start":{"line":215,"column":28},"end":{"line":215,"column":73}},"90":{"start":{"line":217,"column":27},"end":{"line":217,"column":59}},"91":{"start":{"line":218,"column":12},"end":{"line":262,"column":13}},"92":{"start":{"line":219,"column":16},"end":{"line":219,"column":66}},"93":{"start":{"line":221,"column":35},"end":{"line":246,"column":18}},"94":{"start":{"line":249,"column":16},"end":{"line":256,"column":17}},"95":{"start":{"line":251,"column":20},"end":{"line":255,"column":23}},"96":{"start":{"line":252,"column":43},"end":{"line":252,"column":69}},"97":{"start":{"line":253,"column":24},"end":{"line":253,"column":85}},"98":{"start":{"line":254,"column":24},"end":{"line":254,"column":42}},"99":{"start":{"line":259,"column":16},"end":{"line":259,"column":67}},"100":{"start":{"line":261,"column":16},"end":{"line":261,"column":65}},"101":{"start":{"line":266,"column":12},"end":{"line":266,"column":96}},"102":{"start":{"line":12,"column":0},"end":{"line":12,"column":21}}},"fnMap":{"0":{"name":"(anonymous_8)","decl":{"start":{"line":12,"column":0},"end":{"line":12,"column":21}},"loc":{"start":{"line":12,"column":0},"end":{"line":269,"column":1}}},"1":{"name":"(anonymous_9)","decl":{"start":{"line":15,"column":10},"end":{"line":15,"column":15}},"loc":{"start":{"line":15,"column":43},"end":{"line":94,"column":null}}},"2":{"name":"(anonymous_11)","decl":{"start":{"line":76,"column":50},"end":{"line":76,"column":51}},"loc":{"start":{"line":76,"column":64},"end":{"line":84,"column":17}}},"3":{"name":"(anonymous_12)","decl":{"start":{"line":78,"column":47},"end":{"line":78,"column":48}},"loc":{"start":{"line":78,"column":64},"end":{"line":78,"column":97}}},"4":{"name":"(anonymous_13)","decl":{"start":{"line":98,"column":10},"end":{"line":98,"column":15}},"loc":{"start":{"line":98,"column":43},"end":{"line":144,"column":null}}},"5":{"name":"(anonymous_15)","decl":{"start":{"line":115,"column":30},"end":{"line":115,"column":37}},"loc":{"start":{"line":115,"column":65},"end":{"line":137,"column":22}}},"6":{"name":"(anonymous_16)","decl":{"start":{"line":115,"column":65},"end":{"line":115,"column":null}},"loc":{"start":{"line":115,"column":65},"end":{"line":137,"column":21}}},"7":{"name":"(anonymous_17)","decl":{"start":{"line":121,"column":42},"end":{"line":121,"column":43}},"loc":{"start":{"line":121,"column":62},"end":{"line":129,"column":25}}},"8":{"name":"(anonymous_18)","decl":{"start":{"line":122,"column":56},"end":{"line":122,"column":57}},"loc":{"start":{"line":122,"column":64},"end":{"line":128,"column":29}}},"9":{"name":"(anonymous_19)","decl":{"start":{"line":146,"column":10},"end":{"line":146,"column":16}},"loc":{"start":{"line":146,"column":44},"end":{"line":206,"column":null}}},"10":{"name":"(anonymous_21)","decl":{"start":{"line":170,"column":52},"end":{"line":170,"column":59}},"loc":{"start":{"line":170,"column":73},"end":{"line":174,"column":22}}},"11":{"name":"(anonymous_22)","decl":{"start":{"line":170,"column":73},"end":{"line":170,"column":null}},"loc":{"start":{"line":170,"column":73},"end":{"line":174,"column":21}}},"12":{"name":"(anonymous_23)","decl":{"start":{"line":178,"column":34},"end":{"line":178,"column":41}},"loc":{"start":{"line":178,"column":69},"end":{"line":197,"column":26}}},"13":{"name":"(anonymous_24)","decl":{"start":{"line":178,"column":69},"end":{"line":178,"column":null}},"loc":{"start":{"line":178,"column":69},"end":{"line":197,"column":25}}},"14":{"name":"(anonymous_25)","decl":{"start":{"line":184,"column":46},"end":{"line":184,"column":47}},"loc":{"start":{"line":184,"column":66},"end":{"line":189,"column":29}}},"15":{"name":"(anonymous_26)","decl":{"start":{"line":185,"column":60},"end":{"line":185,"column":61}},"loc":{"start":{"line":185,"column":68},"end":{"line":188,"column":33}}},"16":{"name":"(anonymous_27)","decl":{"start":{"line":209,"column":10},"end":{"line":209,"column":14}},"loc":{"start":{"line":209,"column":42},"end":{"line":268,"column":null}}},"17":{"name":"(anonymous_29)","decl":{"start":{"line":251,"column":62},"end":{"line":251,"column":63}},"loc":{"start":{"line":251,"column":77},"end":{"line":255,"column":21}}}},"branchMap":{"0":{"loc":{"start":{"line":25,"column":12},"end":{"line":28,"column":13}},"type":"if","locations":[{"start":{"line":25,"column":12},"end":{"line":28,"column":13}},{"start":{},"end":{}}]},"1":{"loc":{"start":{"line":31,"column":12},"end":{"line":37,"column":13}},"type":"if","locations":[{"start":{"line":31,"column":12},"end":{"line":37,"column":13}},{"start":{},"end":{}}]},"2":{"loc":{"start":{"line":40,"column":12},"end":{"line":44,"column":13}},"type":"if","locations":[{"start":{"line":40,"column":12},"end":{"line":44,"column":13}},{"start":{},"end":{}}]},"3":{"loc":{"start":{"line":48,"column":12},"end":{"line":90,"column":13}},"type":"if","locations":[{"start":{"line":48,"column":12},"end":{"line":90,"column":13}},{"start":{"line":50,"column":19},"end":{"line":90,"column":13}}]},"4":{"loc":{"start":{"line":77,"column":35},"end":{"line":77,"column":52}},"type":"cond-expr","locations":[{"start":{"line":77,"column":46},"end":{"line":77,"column":50}},{"start":{"line":77,"column":50},"end":{"line":77,"column":52}}]},"5":{"loc":{"start":{"line":77,"column":35},"end":{"line":77,"column":50}},"type":"binary-expr","locations":[{"start":{"line":77,"column":35},"end":{"line":77,"column":50}},{"start":{"line":77,"column":46},"end":{"line":77,"column":50}}]},"6":{"loc":{"start":{"line":82,"column":37},"end":{"line":82,"column":55}},"type":"cond-expr","locations":[{"start":{"line":82,"column":47},"end":{"line":82,"column":51}},{"start":{"line":82,"column":51},"end":{"line":82,"column":55}}]},"7":{"loc":{"start":{"line":82,"column":37},"end":{"line":82,"column":51}},"type":"binary-expr","locations":[{"start":{"line":82,"column":37},"end":{"line":82,"column":51}},{"start":{"line":82,"column":47},"end":{"line":82,"column":51}}]},"8":{"loc":{"start":{"line":85,"column":16},"end":{"line":87,"column":17}},"type":"if","locations":[{"start":{"line":85,"column":16},"end":{"line":87,"column":17}},{"start":{},"end":{}}]},"9":{"loc":{"start":{"line":92,"column":90},"end":{"line":92,"column":144}},"type":"cond-expr","locations":[{"start":{"line":92,"column":115},"end":{"line":92,"column":128}},{"start":{"line":92,"column":131},"end":{"line":92,"column":144}}]},"10":{"loc":{"start":{"line":108,"column":12},"end":{"line":110,"column":13}},"type":"if","locations":[{"start":{"line":108,"column":12},"end":{"line":110,"column":13}},{"start":{},"end":{}}]},"11":{"loc":{"start":{"line":108,"column":16},"end":{"line":108,"column":55}},"type":"binary-expr","locations":[{"start":{"line":108,"column":16},"end":{"line":108,"column":26}},{"start":{"line":108,"column":30},"end":{"line":108,"column":55}}]},"12":{"loc":{"start":{"line":112,"column":12},"end":{"line":139,"column":13}},"type":"if","locations":[{"start":{"line":112,"column":12},"end":{"line":139,"column":13}},{"start":{},"end":{}}]},"13":{"loc":{"start":{"line":123,"column":32},"end":{"line":127,"column":33}},"type":"if","locations":[{"start":{"line":123,"column":32},"end":{"line":127,"column":33}},{"start":{"line":125,"column":39},"end":{"line":127,"column":33}}]},"14":{"loc":{"start":{"line":154,"column":12},"end":{"line":200,"column":13}},"type":"if","locations":[{"start":{"line":154,"column":12},"end":{"line":200,"column":13}},{"start":{"line":156,"column":19},"end":{"line":200,"column":13}}]},"15":{"loc":{"start":{"line":165,"column":16},"end":{"line":199,"column":17}},"type":"if","locations":[{"start":{"line":165,"column":16},"end":{"line":199,"column":17}},{"start":{},"end":{}}]},"16":{"loc":{"start":{"line":165,"column":20},"end":{"line":165,"column":81}},"type":"binary-expr","locations":[{"start":{"line":165,"column":20},"end":{"line":165,"column":29}},{"start":{"line":165,"column":33},"end":{"line":165,"column":57}},{"start":{"line":165,"column":61},"end":{"line":165,"column":81}}]},"17":{"loc":{"start":{"line":186,"column":36},"end":{"line":187,"column":62}},"type":"if","locations":[{"start":{"line":186,"column":36},"end":{"line":187,"column":62}},{"start":{"line":187,"column":41},"end":{"line":187,"column":62}}]},"18":{"loc":{"start":{"line":218,"column":12},"end":{"line":262,"column":13}},"type":"if","locations":[{"start":{"line":218,"column":12},"end":{"line":262,"column":13}},{"start":{"line":220,"column":19},"end":{"line":262,"column":13}}]},"19":{"loc":{"start":{"line":249,"column":16},"end":{"line":256,"column":17}},"type":"if","locations":[{"start":{"line":249,"column":16},"end":{"line":256,"column":17}},{"start":{},"end":{}}]},"20":{"loc":{"start":{"line":249,"column":20},"end":{"line":249,"column":46}},"type":"binary-expr","locations":[{"start":{"line":249,"column":20},"end":{"line":249,"column":25}},{"start":{"line":249,"column":29},"end":{"line":249,"column":46}}]}},"s":{"0":1,"1":1,"2":1,"3":1,"4":1,"5":1,"6":1,"7":1,"8":1,"9":1,"10":0,"11":0,"12":0,"13":0,"14":0,"15":0,"16":0,"17":0,"18":0,"19":0,"20":0,"21":0,"22":0,"23":0,"24":0,"25":0,"26":0,"27":0,"28":0,"29":0,"30":0,"31":0,"32":0,"33":0,"34":0,"35":0,"36":0,"37":0,"38":0,"39":0,"40":0,"41":0,"42":0,"43":0,"44":0,"45":0,"46":0,"47":0,"48":0,"49":0,"50":0,"51":0,"52":0,"53":0,"54":0,"55":0,"56":0,"57":0,"58":0,"59":0,"60":0,"61":0,"62":0,"63":0,"64":0,"65":0,"66":0,"67":0,"68":0,"69":0,"70":0,"71":0,"72":0,"73":0,"74":0,"75":0,"76":0,"77":0,"78":0,"79":0,"80":0,"81":0,"82":0,"83":0,"84":0,"85":0,"86":0,"87":0,"88":0,"89":0,"90":0,"91":0,"92":0,"93":0,"94":0,"95":0,"96":0,"97":0,"98":0,"99":0,"100":0,"101":0,"102":1},"f":{"0":1,"1":0,"2":0,"3":0,"4":0,"5":0,"6":0,"7":0,"8":0,"9":0,"10":0,"11":0,"12":0,"13":0,"14":0,"15":0,"16":0,"17":0},"b":{"0":[0,0],"1":[0,0],"2":[0,0],"3":[0,0],"4":[0,0],"5":[0,0],"6":[0,0],"7":[0,0],"8":[0,0],"9":[0,0],"10":[0,0],"11":[0,0],"12":[0,0],"13":[0,0],"14":[0,0],"15":[0,0],"16":[0,0,0],"17":[0,0],"18":[0,0],"19":[0,0],"20":[0,0]}}
,"D:\\node_project\\ERP_system_backend\\src\\controllers\\mainTitleController.ts": {"path":"D:\\node_project\\ERP_system_backend\\src\\controllers\\mainTitleController.ts","statementMap":{"0":{"start":{"line":2,"column":0},"end":{"line":2,"column":54}},"1":{"start":{"line":3,"column":0},"end":{"line":3,"column":47}},"2":{"start":{"line":6,"column":11},"end":{"line":6,"column":null}},"3":{"start":{"line":9,"column":8},"end":{"line":16,"column":9}},"4":{"start":{"line":10,"column":26},"end":{"line":12,"column":14}},"5":{"start":{"line":13,"column":12},"end":{"line":13,"column":null}},"6":{"start":{"line":15,"column":12},"end":{"line":15,"column":null}},"7":{"start":{"line":5,"column":0},"end":{"line":5,"column":21}}},"fnMap":{"0":{"name":"(anonymous_8)","decl":{"start":{"line":5,"column":0},"end":{"line":5,"column":21}},"loc":{"start":{"line":5,"column":0},"end":{"line":19,"column":1}}},"1":{"name":"(anonymous_9)","decl":{"start":{"line":8,"column":10},"end":{"line":8,"column":15}},"loc":{"start":{"line":8,"column":43},"end":{"line":18,"column":null}}}},"branchMap":{"0":{"loc":{"start":{"line":15,"column":66},"end":{"line":15,"column":120}},"type":"cond-expr","locations":[{"start":{"line":15,"column":91},"end":{"line":15,"column":104}},{"start":{"line":15,"column":107},"end":{"line":15,"column":120}}]}},"s":{"0":1,"1":1,"2":1,"3":0,"4":0,"5":0,"6":0,"7":1},"f":{"0":1,"1":0},"b":{"0":[0,0]}}
,"D:\\node_project\\ERP_system_backend\\src\\controllers\\orderListController.ts": {"path":"D:\\node_project\\ERP_system_backend\\src\\controllers\\orderListController.ts","statementMap":{"0":{"start":{"line":2,"column":0},"end":{"line":2,"column":54}},"1":{"start":{"line":3,"column":0},"end":{"line":3,"column":46}},"2":{"start":{"line":4,"column":0},"end":{"line":4,"column":60}},"3":{"start":{"line":5,"column":0},"end":{"line":5,"column":48}},"4":{"start":{"line":6,"column":0},"end":{"line":6,"column":35}},"5":{"start":{"line":7,"column":0},"end":{"line":7,"column":31}},"6":{"start":{"line":8,"column":0},"end":{"line":8,"column":42}},"7":{"start":{"line":12,"column":11},"end":{"line":12,"column":null}},"8":{"start":{"line":15,"column":8},"end":{"line":25,"column":9}},"9":{"start":{"line":16,"column":26},"end":{"line":21,"column":14}},"10":{"start":{"line":22,"column":12},"end":{"line":22,"column":null}},"11":{"start":{"line":24,"column":12},"end":{"line":24,"column":null}},"12":{"start":{"line":29,"column":8},"end":{"line":98,"column":9}},"13":{"start":{"line":30,"column":45},"end":{"line":51,"column":14}},"14":{"start":{"line":52,"column":30},"end":{"line":80,"column":null}},"15":{"start":{"line":53,"column":76},"end":{"line":80,"column":18}},"16":{"start":{"line":54,"column":35},"end":{"line":54,"column":59}},"17":{"start":{"line":55,"column":33},"end":{"line":55,"column":89}},"18":{"start":{"line":55,"column":58},"end":{"line":55,"column":88}},"19":{"start":{"line":57,"column":33},"end":{"line":57,"column":49}},"20":{"start":{"line":58,"column":34},"end":{"line":58,"column":49}},"21":{"start":{"line":59,"column":33},"end":{"line":59,"column":48}},"22":{"start":{"line":61,"column":42},"end":{"line":68,"column":22}},"23":{"start":{"line":70,"column":20},"end":{"line":79,"column":null}},"24":{"start":{"line":83,"column":36},"end":{"line":88,"column":14}},"25":{"start":{"line":90,"column":27},"end":{"line":93,"column":null}},"26":{"start":{"line":95,"column":12},"end":{"line":95,"column":null}},"27":{"start":{"line":97,"column":12},"end":{"line":97,"column":null}},"28":{"start":{"line":102,"column":8},"end":{"line":120,"column":9}},"29":{"start":{"line":103,"column":39},"end":{"line":107,"column":14}},"30":{"start":{"line":109,"column":12},"end":{"line":117,"column":13}},"31":{"start":{"line":110,"column":16},"end":{"line":110,"column":null}},"32":{"start":{"line":112,"column":16},"end":{"line":114,"column":null}},"33":{"start":{"line":116,"column":16},"end":{"line":116,"column":null}},"34":{"start":{"line":119,"column":12},"end":{"line":119,"column":null}},"35":{"start":{"line":11,"column":0},"end":{"line":11,"column":21}}},"fnMap":{"0":{"name":"(anonymous_8)","decl":{"start":{"line":11,"column":0},"end":{"line":11,"column":21}},"loc":{"start":{"line":11,"column":0},"end":{"line":122,"column":1}}},"1":{"name":"(anonymous_9)","decl":{"start":{"line":14,"column":10},"end":{"line":14,"column":15}},"loc":{"start":{"line":14,"column":43},"end":{"line":26,"column":null}}},"2":{"name":"(anonymous_11)","decl":{"start":{"line":28,"column":10},"end":{"line":28,"column":21}},"loc":{"start":{"line":28,"column":49},"end":{"line":99,"column":null}}},"3":{"name":"(anonymous_13)","decl":{"start":{"line":53,"column":45},"end":{"line":53,"column":52}},"loc":{"start":{"line":53,"column":76},"end":{"line":80,"column":18}}},"4":{"name":"(anonymous_14)","decl":{"start":{"line":53,"column":76},"end":{"line":53,"column":null}},"loc":{"start":{"line":53,"column":76},"end":{"line":80,"column":17}}},"5":{"name":"(anonymous_15)","decl":{"start":{"line":55,"column":44},"end":{"line":55,"column":45}},"loc":{"start":{"line":55,"column":58},"end":{"line":55,"column":88}}},"6":{"name":"(anonymous_16)","decl":{"start":{"line":101,"column":10},"end":{"line":101,"column":25}},"loc":{"start":{"line":101,"column":53},"end":{"line":121,"column":null}}}},"branchMap":{"0":{"loc":{"start":{"line":24,"column":66},"end":{"line":24,"column":120}},"type":"cond-expr","locations":[{"start":{"line":24,"column":91},"end":{"line":24,"column":104}},{"start":{"line":24,"column":107},"end":{"line":24,"column":120}}]},"1":{"loc":{"start":{"line":54,"column":35},"end":{"line":54,"column":59}},"type":"cond-expr","locations":[{"start":{"line":54,"column":53},"end":{"line":54,"column":57}},{"start":{"line":54,"column":57},"end":{"line":54,"column":59}}]},"2":{"loc":{"start":{"line":54,"column":35},"end":{"line":54,"column":57}},"type":"binary-expr","locations":[{"start":{"line":54,"column":35},"end":{"line":54,"column":57}},{"start":{"line":54,"column":53},"end":{"line":54,"column":57}}]},"3":{"loc":{"start":{"line":54,"column":35},"end":{"line":54,"column":53}},"type":"cond-expr","locations":[{"start":{"line":54,"column":45},"end":{"line":54,"column":47}},{"start":{"line":54,"column":45},"end":{"line":54,"column":53}}]},"4":{"loc":{"start":{"line":54,"column":35},"end":{"line":54,"column":47}},"type":"binary-expr","locations":[{"start":{"line":54,"column":35},"end":{"line":54,"column":47}},{"start":{"line":54,"column":45},"end":{"line":54,"column":47}}]},"5":{"loc":{"start":{"line":57,"column":33},"end":{"line":57,"column":49}},"type":"cond-expr","locations":[{"start":{"line":57,"column":43},"end":{"line":57,"column":47}},{"start":{"line":57,"column":47},"end":{"line":57,"column":49}}]},"6":{"loc":{"start":{"line":57,"column":33},"end":{"line":57,"column":47}},"type":"binary-expr","locations":[{"start":{"line":57,"column":33},"end":{"line":57,"column":47}},{"start":{"line":57,"column":43},"end":{"line":57,"column":47}}]},"7":{"loc":{"start":{"line":58,"column":34},"end":{"line":58,"column":49}},"type":"cond-expr","locations":[{"start":{"line":58,"column":44},"end":{"line":58,"column":48}},{"start":{"line":58,"column":48},"end":{"line":58,"column":49}}]},"8":{"loc":{"start":{"line":58,"column":34},"end":{"line":58,"column":48}},"type":"binary-expr","locations":[{"start":{"line":58,"column":34},"end":{"line":58,"column":48}},{"start":{"line":58,"column":44},"end":{"line":58,"column":48}}]},"9":{"loc":{"start":{"line":59,"column":33},"end":{"line":59,"column":48}},"type":"cond-expr","locations":[{"start":{"line":59,"column":42},"end":{"line":59,"column":46}},{"start":{"line":59,"column":46},"end":{"line":59,"column":48}}]},"10":{"loc":{"start":{"line":59,"column":33},"end":{"line":59,"column":46}},"type":"binary-expr","locations":[{"start":{"line":59,"column":33},"end":{"line":59,"column":46}},{"start":{"line":59,"column":42},"end":{"line":59,"column":46}}]},"11":{"loc":{"start":{"line":77,"column":37},"end":{"line":77,"column":52}},"type":"cond-expr","locations":[{"start":{"line":77,"column":44},"end":{"line":77,"column":48}},{"start":{"line":77,"column":48},"end":{"line":77,"column":52}}]},"12":{"loc":{"start":{"line":77,"column":37},"end":{"line":77,"column":48}},"type":"binary-expr","locations":[{"start":{"line":77,"column":37},"end":{"line":77,"column":48}},{"start":{"line":77,"column":44},"end":{"line":77,"column":48}}]},"13":{"loc":{"start":{"line":78,"column":34},"end":{"line":78,"column":53}},"type":"cond-expr","locations":[{"start":{"line":78,"column":34},"end":{"line":78,"column":47}},{"start":{"line":78,"column":51},"end":{"line":78,"column":53}}]},"14":{"loc":{"start":{"line":78,"column":34},"end":{"line":78,"column":51}},"type":"binary-expr","locations":[{"start":{"line":78,"column":34},"end":{"line":78,"column":51}},{"start":{"line":78,"column":34},"end":{"line":78,"column":51}}]},"15":{"loc":{"start":{"line":92,"column":30},"end":{"line":92,"column":58}},"type":"cond-expr","locations":[{"start":{"line":92,"column":45},"end":{"line":92,"column":47}},{"start":{"line":92,"column":30},"end":{"line":92,"column":58}}]},"16":{"loc":{"start":{"line":92,"column":30},"end":{"line":92,"column":47}},"type":"binary-expr","locations":[{"start":{"line":92,"column":30},"end":{"line":92,"column":47}},{"start":{"line":92,"column":30},"end":{"line":92,"column":47}}]},"17":{"loc":{"start":{"line":97,"column":66},"end":{"line":97,"column":120}},"type":"cond-expr","locations":[{"start":{"line":97,"column":91},"end":{"line":97,"column":104}},{"start":{"line":97,"column":107},"end":{"line":97,"column":120}}]},"18":{"loc":{"start":{"line":109,"column":12},"end":{"line":117,"column":13}},"type":"if","locations":[{"start":{"line":109,"column":12},"end":{"line":117,"column":13}},{"start":{"line":111,"column":19},"end":{"line":117,"column":13}}]},"19":{"loc":{"start":{"line":119,"column":66},"end":{"line":119,"column":120}},"type":"cond-expr","locations":[{"start":{"line":119,"column":91},"end":{"line":119,"column":104}},{"start":{"line":119,"column":107},"end":{"line":119,"column":120}}]}},"s":{"0":1,"1":1,"2":1,"3":1,"4":1,"5":1,"6":1,"7":1,"8":0,"9":0,"10":0,"11":0,"12":0,"13":0,"14":0,"15":0,"16":0,"17":0,"18":0,"19":0,"20":0,"21":0,"22":0,"23":0,"24":0,"25":0,"26":0,"27":0,"28":0,"29":0,"30":0,"31":0,"32":0,"33":0,"34":0,"35":1},"f":{"0":1,"1":0,"2":0,"3":0,"4":0,"5":0,"6":0},"b":{"0":[0,0],"1":[0,0],"2":[0,0],"3":[0,0],"4":[0,0],"5":[0,0],"6":[0,0],"7":[0,0],"8":[0,0],"9":[0,0],"10":[0,0],"11":[0,0],"12":[0,0],"13":[0,0],"14":[0,0],"15":[0,0],"16":[0,0],"17":[0,0],"18":[0,0],"19":[0,0]}}
,"D:\\node_project\\ERP_system_backend\\src\\controllers\\subTitleController.ts": {"path":"D:\\node_project\\ERP_system_backend\\src\\controllers\\subTitleController.ts","statementMap":{"0":{"start":{"line":2,"column":0},"end":{"line":2,"column":54}},"1":{"start":{"line":3,"column":0},"end":{"line":3,"column":45}},"2":{"start":{"line":4,"column":0},"end":{"line":4,"column":48}},"3":{"start":{"line":5,"column":0},"end":{"line":5,"column":57}},"4":{"start":{"line":8,"column":11},"end":{"line":8,"column":null}},"5":{"start":{"line":11,"column":8},"end":{"line":28,"column":9}},"6":{"start":{"line":12,"column":60},"end":{"line":12,"column":62}},"7":{"start":{"line":13,"column":32},"end":{"line":13,"column":55}},"8":{"start":{"line":16,"column":12},"end":{"line":18,"column":13}},"9":{"start":{"line":17,"column":16},"end":{"line":17,"column":64}},"10":{"start":{"line":20,"column":26},"end":{"line":23,"column":14}},"11":{"start":{"line":25,"column":12},"end":{"line":25,"column":null}},"12":{"start":{"line":27,"column":12},"end":{"line":27,"column":null}},"13":{"start":{"line":32,"column":8},"end":{"line":59,"column":9}},"14":{"start":{"line":33,"column":30},"end":{"line":33,"column":69}},"15":{"start":{"line":34,"column":30},"end":{"line":34,"column":33}},"16":{"start":{"line":35,"column":26},"end":{"line":35,"column":46}},"17":{"start":{"line":38,"column":27},"end":{"line":38,"column":59}},"18":{"start":{"line":39,"column":12},"end":{"line":55,"column":13}},"19":{"start":{"line":40,"column":16},"end":{"line":40,"column":66}},"20":{"start":{"line":42,"column":30},"end":{"line":50,"column":18}},"21":{"start":{"line":52,"column":16},"end":{"line":52,"column":67}},"22":{"start":{"line":54,"column":16},"end":{"line":54,"column":null}},"23":{"start":{"line":58,"column":12},"end":{"line":58,"column":null}},"24":{"start":{"line":7,"column":0},"end":{"line":7,"column":21}}},"fnMap":{"0":{"name":"(anonymous_8)","decl":{"start":{"line":7,"column":0},"end":{"line":7,"column":21}},"loc":{"start":{"line":7,"column":0},"end":{"line":61,"column":1}}},"1":{"name":"(anonymous_9)","decl":{"start":{"line":10,"column":10},"end":{"line":10,"column":15}},"loc":{"start":{"line":10,"column":43},"end":{"line":29,"column":null}}},"2":{"name":"(anonymous_11)","decl":{"start":{"line":31,"column":10},"end":{"line":31,"column":28}},"loc":{"start":{"line":31,"column":56},"end":{"line":60,"column":null}}}},"branchMap":{"0":{"loc":{"start":{"line":16,"column":12},"end":{"line":18,"column":13}},"type":"if","locations":[{"start":{"line":16,"column":12},"end":{"line":18,"column":13}},{"start":{},"end":{}}]},"1":{"loc":{"start":{"line":16,"column":16},"end":{"line":16,"column":78}},"type":"binary-expr","locations":[{"start":{"line":16,"column":16},"end":{"line":16,"column":47}},{"start":{"line":16,"column":51},"end":{"line":16,"column":78}}]},"2":{"loc":{"start":{"line":27,"column":66},"end":{"line":27,"column":120}},"type":"cond-expr","locations":[{"start":{"line":27,"column":91},"end":{"line":27,"column":104}},{"start":{"line":27,"column":107},"end":{"line":27,"column":120}}]},"3":{"loc":{"start":{"line":39,"column":12},"end":{"line":55,"column":13}},"type":"if","locations":[{"start":{"line":39,"column":12},"end":{"line":55,"column":13}},{"start":{"line":41,"column":19},"end":{"line":55,"column":13}}]},"4":{"loc":{"start":{"line":58,"column":66},"end":{"line":58,"column":120}},"type":"cond-expr","locations":[{"start":{"line":58,"column":91},"end":{"line":58,"column":104}},{"start":{"line":58,"column":107},"end":{"line":58,"column":120}}]}},"s":{"0":1,"1":1,"2":1,"3":1,"4":1,"5":0,"6":0,"7":0,"8":0,"9":0,"10":0,"11":0,"12":0,"13":0,"14":0,"15":0,"16":0,"17":0,"18":0,"19":0,"20":0,"21":0,"22":0,"23":0,"24":1},"f":{"0":1,"1":0,"2":0},"b":{"0":[0,0],"1":[0,0],"2":[0,0],"3":[0,0],"4":[0,0]}}
[...]
,"D:\\node_project\\ERP_system_backend\\src\\routers\\itemsRouter.ts": {"path":"D:\\node_project\\ERP_system_backend\\src\\routers\\itemsRouter.ts","statementMap":{"0":{"start":{"line":1,"column":0},"end":{"line":1,"column":33}},"1":{"start":{"line":2,"column":0},"end":{"line":2,"column":50}},"2":{"start":{"line":3,"column":0},"end":{"line":3,"column":86}},"3":{"start":{"line":4,"column":0},"end":{"line":4,"column":55}},"4":{"start":{"line":5,"column":0},"end":{"line":5,"column":143}},"5":{"start":{"line":12,"column":8},"end":{"line":12,"column":null}},"6":{"start":{"line":13,"column":8},"end":{"line":13,"column":null}},"7":{"start":{"line":14,"column":8},"end":{"line":14,"column":null}},"8":{"start":{"line":18,"column":8},"end":{"line":20,"column":null}},"9":{"start":{"line":20,"column":26},"end":{"line":20,"column":62}},"10":{"start":{"line":21,"column":8},"end":{"line":25,"column":null}},"11":{"start":{"line":25,"column":26},"end":{"line":25,"column":62}},"12":{"start":{"line":26,"column":8},"end":{"line":30,"column":null}},"13":{"start":{"line":30,"column":26},"end":{"line":30,"column":63}},"14":{"start":{"line":31,"column":8},"end":{"line":33,"column":null}},"15":{"start":{"line":33,"column":26},"end":{"line":33,"column":61}},"16":{"start":{"line":39,"column":0},"end":{"line":39,"column":null}}},"fnMap":{"0":{"name":"(anonymous_1)","decl":{"start":{"line":11,"column":4},"end":{"line":11,"column":null}},"loc":{"start":{"line":11,"column":4},"end":{"line":15,"column":5}}},"1":{"name":"(anonymous_2)","decl":{"start":{"line":17,"column":12},"end":{"line":17,"column":24}},"loc":{"start":{"line":17,"column":24},"end":{"line":35,"column":5}}},"2":{"name":"(anonymous_3)","decl":{"start":{"line":20,"column":12},"end":{"line":20,"column":13}},"loc":{"start":{"line":20,"column":26},"end":{"line":20,"column":62}}},"3":{"name":"(anonymous_4)","decl":{"start":{"line":25,"column":12},"end":{"line":25,"column":13}},"loc":{"start":{"line":25,"column":26},"end":{"line":25,"column":62}}},"4":{"name":"(anonymous_5)","decl":{"start":{"line":30,"column":12},"end":{"line":30,"column":13}},"loc":{"start":{"line":30,"column":26},"end":{"line":30,"column":63}}},"5":{"name":"(anonymous_6)","decl":{"start":{"line":33,"column":12},"end":{"line":33,"column":13}},"loc":{"start":{"line":33,"column":26},"end":{"line":33,"column":61}}}},"branchMap":{},"s":{"0":1,"1":1,"2":1,"3":1,"4":1,"5":1,"6":1,"7":1,"8":1,"9":0,"10":1,"11":0,"12":1,"13":0,"14":1,"15":0,"16":1},"f":{"0":1,"1":1,"2":0,"3":0,"4":0,"5":0},"b":{}}
,"D:\\node_project\\ERP_system_backend\\src\\routers\\mainTitleRouter.ts": {"path":"D:\\node_project\\ERP_system_backend\\src\\routers\\mainTitleRouter.ts","statementMap":{"0":{"start":{"line":1,"column":0},"end":{"line":1,"column":33}},"1":{"start":{"line":2,"column":0},"end":{"line":2,"column":58}},"2":{"start":{"line":9,"column":8},"end":{"line":9,"column":null}},"3":{"start":{"line":10,"column":8},"end":{"line":10,"column":null}},"4":{"start":{"line":11,"column":8},"end":{"line":11,"column":null}},"5":{"start":{"line":15,"column":8},"end":{"line":16,"column":null}},"6":{"start":{"line":16,"column":26},"end":{"line":16,"column":66}},"7":{"start":{"line":22,"column":0},"end":{"line":22,"column":null}}},"fnMap":{"0":{"name":"(anonymous_1)","decl":{"start":{"line":8,"column":4},"end":{"line":8,"column":null}},"loc":{"start":{"line":8,"column":4},"end":{"line":12,"column":5}}},"1":{"name":"(anonymous_2)","decl":{"start":{"line":14,"column":12},"end":{"line":14,"column":24}},"loc":{"start":{"line":14,"column":24},"end":{"line":18,"column":5}}},"2":{"name":"(anonymous_3)","decl":{"start":{"line":16,"column":12},"end":{"line":16,"column":13}},"loc":{"start":{"line":16,"column":26},"end":{"line":16,"column":66}}}},"branchMap":{},"s":{"0":1,"1":1,"2":1,"3":1,"4":1,"5":1,"6":0,"7":1},"f":{"0":1,"1":1,"2":0},"b":{}}
,"D:\\node_project\\ERP_system_backend\\src\\routers\\orderListRouter.ts": {"path":"D:\\node_project\\ERP_system_backend\\src\\routers\\orderListRouter.ts","statementMap":{"0":{"start":{"line":1,"column":0},"end":{"line":1,"column":33}},"1":{"start":{"line":2,"column":0},"end":{"line":2,"column":58}},"2":{"start":{"line":3,"column":0},"end":{"line":3,"column":55}},"3":{"start":{"line":4,"column":0},"end":{"line":4,"column":160}},"4":{"start":{"line":11,"column":8},"end":{"line":11,"column":null}},"5":{"start":{"line":12,"column":8},"end":{"line":12,"column":null}},"6":{"start":{"line":13,"column":8},"end":{"line":13,"column":null}},"7":{"start":{"line":17,"column":8},"end":{"line":20,"column":null}},"8":{"start":{"line":20,"column":26},"end":{"line":20,"column":66}},"9":{"start":{"line":21,"column":8},"end":{"line":24,"column":null}},"10":{"start":{"line":24,"column":26},"end":{"line":24,"column":72}},"11":{"start":{"line":25,"column":8},"end":{"line":28,"column":null}},"12":{"start":{"line":28,"column":26},"end":{"line":28,"column":76}},"13":{"start":{"line":34,"column":0},"end":{"line":34,"column":null}}},"fnMap":{"0":{"name":"(anonymous_1)","decl":{"start":{"line":10,"column":4},"end":{"line":10,"column":null}},"loc":{"start":{"line":10,"column":4},"end":{"line":14,"column":5}}},"1":{"name":"(anonymous_2)","decl":{"start":{"line":16,"column":12},"end":{"line":16,"column":24}},"loc":{"start":{"line":16,"column":24},"end":{"line":30,"column":5}}},"2":{"name":"(anonymous_3)","decl":{"start":{"line":20,"column":12},"end":{"line":20,"column":13}},"loc":{"start":{"line":20,"column":26},"end":{"line":20,"column":66}}},"3":{"name":"(anonymous_4)","decl":{"start":{"line":24,"column":12},"end":{"line":24,"column":13}},"loc":{"start":{"line":24,"column":26},"end":{"line":24,"column":72}}},"4":{"name":"(anonymous_5)","decl":{"start":{"line":28,"column":12},"end":{"line":28,"column":13}},"loc":{"start":{"line":28,"column":26},"end":{"line":28,"column":76}}}},"branchMap":{},"s":{"0":1,"1":1,"2":1,"3":1,"4":1,"5":1,"6":1,"7":1,"8":0,"9":1,"10":0,"11":1,"12":0,"13":1},"f":{"0":1,"1":1,"2":0,"3":0,"4":0},"b":{}}
,"D:\\node_project\\ERP_system_backend\\src\\routers\\router.ts": {"path":"D:\\node_project\\ERP_system_backend\\src\\routers\\router.ts","statementMap":{"0":{"start":{"line":1,"column":0},"end":{"line":1,"column":51}},"1":{"start":{"line":2,"column":0},"end":{"line":2,"column":44}},"2":{"start":{"line":3,"column":0},"end":{"line":3,"column":48}},"3":{"start":{"line":4,"column":0},"end":{"line":4,"column":46}},"4":{"start":{"line":5,"column":0},"end":{"line":5,"column":40}},"5":{"start":{"line":6,"column":0},"end":{"line":6,"column":38}},"6":{"start":{"line":7,"column":0},"end":{"line":7,"column":48}},"7":{"start":{"line":8,"column":0},"end":{"line":8,"column":56}},"8":{"start":{"line":9,"column":0},"end":{"line":9,"column":46}},"9":{"start":{"line":11,"column":21},"end":{"line":11,"column":29}},"10":{"start":{"line":30,"column":9},"end":{"line":30,"column":21}},"11":{"start":{"line":12,"column":27},"end":{"line":12,"column":46}},"12":{"start":{"line":13,"column":29},"end":{"line":13,"column":50}},"13":{"start":{"line":14,"column":28},"end":{"line":14,"column":48}},"14":{"start":{"line":15,"column":25},"end":{"line":15,"column":42}},"15":{"start":{"line":16,"column":24},"end":{"line":16,"column":40}},"16":{"start":{"line":17,"column":29},"end":{"line":17,"column":50}},"17":{"start":{"line":18,"column":33},"end":{"line":18,"column":58}},"18":{"start":{"line":19,"column":28},"end":{"line":19,"column":48}},"19":{"start":{"line":21,"column":0},"end":{"line":21,"column":null}},"20":{"start":{"line":22,"column":0},"end":{"line":22,"column":null}},"21":{"start":{"line":23,"column":0},"end":{"line":23,"column":null}},"22":{"start":{"line":24,"column":0},"end":{"line":24,"column":null}},"23":{"start":{"line":25,"column":0},"end":{"line":25,"column":null}},"24":{"start":{"line":26,"column":0},"end":{"line":26,"column":null}},"25":{"start":{"line":27,"column":0},"end":{"line":27,"column":null}},"26":{"start":{"line":28,"column":0},"end":{"line":28,"column":null}}},"fnMap":{},"branchMap":{},"s":{"0":1,"1":1,"2":1,"3":1,"4":1,"5":1,"6":1,"7":1,"8":1,"9":1,"10":1,"11":1,"12":1,"13":1,"14":1,"15":1,"16":1,"17":1,"18":1,"19":1,"20":1,"21":1,"22":1,"23":1,"24":1,"25":1,"26":1},"f":{},"b":{}}
,"D:\\node_project\\ERP_system_backend\\src\\routers\\subTitleRouter.ts": {"path":"D:\\node_project\\ERP_system_backend\\src\\routers\\subTitleRouter.ts","statementMap":{"0":{"start":{"line":1,"column":0},"end":{"line":1,"column":33}},"1":{"start":{"line":2,"column":0},"end":{"line":2,"column":56}},"2":{"start":{"line":9,"column":8},"end":{"line":9,"column":null}},"3":{"start":{"line":10,"column":8},"end":{"line":10,"column":null}},"4":{"start":{"line":11,"column":8},"end":{"line":11,"column":null}},"5":{"start":{"line":15,"column":8},"end":{"line":16,"column":null}},"6":{"start":{"line":16,"column":26},"end":{"line":16,"column":65}},"7":{"start":{"line":17,"column":8},"end":{"line":18,"column":null}},"8":{"start":{"line":18,"column":26},"end":{"line":18,"column":78}},"9":{"start":{"line":24,"column":0},"end":{"line":24,"column":null}}},"fnMap":{"0":{"name":"(anonymous_1)","decl":{"start":{"line":8,"column":4},"end":{"line":8,"column":null}},"loc":{"start":{"line":8,"column":4},"end":{"line":12,"column":5}}},"1":{"name":"(anonymous_2)","decl":{"start":{"line":14,"column":12},"end":{"line":14,"column":24}},"loc":{"start":{"line":14,"column":24},"end":{"line":20,"column":5}}},"2":{"name":"(anonymous_3)","decl":{"start":{"line":16,"column":12},"end":{"line":16,"column":13}},"loc":{"start":{"line":16,"column":26},"end":{"line":16,"column":65}}},"3":{"name":"(anonymous_4)","decl":{"start":{"line":18,"column":12},"end":{"line":18,"column":13}},"loc":{"start":{"line":18,"column":26},"end":{"line":18,"column":78}}}},"branchMap":{},"s":{"0":1,"1":1,"2":1,"3":1,"4":1,"5":1,"6":0,"7":1,"8":0,"9":1},"f":{"0":1,"1":1,"2":0,"3":0},"b":{}}
,"D:\\node_project\\ERP_system_backend\\src\\utils\\emailSender.ts": {"path":"D:\\node_project\\ERP_system_backend\\src\\utils\\emailSender.ts","statementMap":{"0":{"start":{"line":15,"column":0},"end":{"line":15,"column":22}},"1":{"start":{"line":1,"column":0},"end":{"line":1,"column":36}},"2":{"start":{"line":2,"column":0},"end":{"line":2,"column":28}},"3":{"start":{"line":5,"column":0},"end":{"line":5,"column":16}},"4":{"start":{"line":7,"column":20},"end":{"line":13,"column":2}},"5":{"start":{"line":16,"column":29},"end":{"line":16,"column":85}},"6":{"start":{"line":17,"column":24},"end":{"line":27,"column":6}},"7":{"start":{"line":29,"column":4},"end":{"line":29,"column":44}}},"fnMap":{"0":{"name":"sendVerificationEmail","decl":{"start":{"line":15,"column":22},"end":{"line":15,"column":43}},"loc":{"start":{"line":15,"column":69},"end":{"line":30,"column":null}}}},"branchMap":{},"s":{"0":1,"1":1,"2":1,"3":1,"4":1,"5":0,"6":0,"7":0},"f":{"0":0},"b":{}}
,"D:\\node_project\\ERP_system_backend\\src\\utils\\jwt.ts": {"path":"D:\\node_project\\ERP_system_backend\\src\\utils\\jwt.ts","statementMap":{"0":{"start":{"line":3,"column":0},"end":{"line":3,"column":16}},"1":{"start":{"line":8,"column":0},"end":{"line":8,"column":16}},"2":{"start":{"line":13,"column":0},"end":{"line":13,"column":16}},"3":{"start":{"line":1,"column":0},"end":{"line":1,"column":31}},"4":{"start":{"line":4,"column":22},"end":{"line":4,"column":82}},"5":{"start":{"line":5,"column":4},"end":{"line":5,"column":63}},"6":{"start":{"line":9,"column":22},"end":{"line":9,"column":82}},"7":{"start":{"line":10,"column":4},"end":{"line":10,"column":40}},"8":{"start":{"line":14,"column":22},"end":{"line":14,"column":82}},"9":{"start":{"line":15,"column":4},"end":{"line":15,"column":73}}},"fnMap":{"0":{"name":"generateVerificationToken","decl":{"start":{"line":3,"column":16},"end":{"line":3,"column":41}},"loc":{"start":{"line":3,"column":55},"end":{"line":6,"column":1}}},"1":{"name":"verifyToken","decl":{"start":{"line":8,"column":16},"end":{"line":8,"column":27}},"loc":{"start":{"line":8,"column":41},"end":{"line":11,"column":1}}},"2":{"name":"generateSignInToken","decl":{"start":{"line":13,"column":16},"end":{"line":13,"column":35}},"loc":{"start":{"line":13,"column":67},"end":{"line":16,"column":1}}}},"branchMap":{"0":{"loc":{"start":{"line":4,"column":22},"end":{"line":4,"column":82}},"type":"binary-expr","locations":[{"start":{"line":4,"column":22},"end":{"line":4,"column":44}},{"start":{"line":4,"column":48},"end":{"line":4,"column":82}}]},"1":{"loc":{"start":{"line":9,"column":22},"end":{"line":9,"column":82}},"type":"binary-expr","locations":[{"start":{"line":9,"column":22},"end":{"line":9,"column":44}},{"start":{"line":9,"column":48},"end":{"line":9,"column":82}}]},"2":{"loc":{"start":{"line":14,"column":22},"end":{"line":14,"column":82}},"type":"binary-expr","locations":[{"start":{"line":14,"column":22},"end":{"line":14,"column":44}},{"start":{"line":14,"column":48},"end":{"line":14,"column":82}}]}},"s":{"0":1,"1":1,"2":1,"3":1,"4":0,"5":0,"6":0,"7":0,"8":0,"9":0},"f":{"0":0,"1":0,"2":0},"b":{"0":[0,0],"1":[0,0],"2":[0,0]}}
,"D:\\node_project\\ERP_system_backend\\src\\utils\\logger.ts": {"path":"D:\\node_project\\ERP_system_backend\\src\\utils\\logger.ts","statementMap":{"0":{"start":{"line":1,"column":0},"end":{"line":1,"column":30}},"1":{"start":{"line":4,"column":4},"end":{"line":4,"column":22}},"2":{"start":{"line":5,"column":4},"end":{"line":5,"column":99}},"3":{"start":{"line":7,"column":4},"end":{"line":7,"column":null}},"4":{"start":{"line":10,"column":19},"end":{"line":10,"column":196}},"5":{"start":{"line":11,"column":8},"end":{"line":37,"column":26}},"6":{"start":{"line":16,"column":36},"end":{"line":16,"column":46}},"7":{"start":{"line":18,"column":24},"end":{"line":26,"column":47}},"8":{"start":{"line":30,"column":20},"end":{"line":30,"column":65}},"9":{"start":{"line":41,"column":8},"end":{"line":50,"column":25}},"10":{"start":{"line":3,"column":0},"end":{"line":3,"column":13}}},"fnMap":{"0":{"name":"(anonymous_1)","decl":{"start":{"line":3,"column":0},"end":{"line":3,"column":13}},"loc":{"start":{"line":3,"column":0},"end":{"line":52,"column":1}}},"1":{"name":"(anonymous_2)","decl":{"start":{"line":9,"column":4},"end":{"line":9,"column":9}},"loc":{"start":{"line":9,"column":22},"end":{"line":38,"column":5}}},"2":{"name":"(anonymous_3)","decl":{"start":{"line":15,"column":28},"end":{"line":15,"column":31}},"loc":{"start":{"line":15,"column":33},"end":{"line":27,"column":21}}},"3":{"name":"(anonymous_4)","decl":{"start":{"line":29,"column":38},"end":{"line":29,"column":39}},"loc":{"start":{"line":29,"column":72},"end":{"line":31,"column":17}}},"4":{"name":"(anonymous_5)","decl":{"start":{"line":40,"column":4},"end":{"line":40,"column":8}},"loc":{"start":{"line":40,"column":21},"end":{"line":51,"column":5}}}},"branchMap":{},"s":{"0":1,"1":0,"2":0,"3":0,"4":0,"5":0,"6":0,"7":0,"8":0,"9":0,"10":1},"f":{"0":0,"1":0,"2":0,"3":0,"4":0},"b":{}}
,"D:\\node_project\\ERP_system_backend\\src\\utils\\redisCache.ts": {"path":"D:\\node_project\\ERP_system_backend\\src\\utils\\redisCache.ts","statementMap":{"0":{"start":{"line":4,"column":24},"end":{"line":12,"column":2}},"1":{"start":{"line":4,"column":70},"end":{"line":12,"column":2}},"2":{"start":{"line":5,"column":16},"end":{"line":5,"column":36}},"3":{"start":{"line":6,"column":4},"end":{"line":11,"column":5}},"4":{"start":{"line":7,"column":8},"end":{"line":7,"column":34}},"5":{"start":{"line":8,"column":8},"end":{"line":8,"column":31}},"6":{"start":{"line":10,"column":8},"end":{"line":10,"column":null}},"7":{"start":{"line":4,"column":13},"end":{"line":4,"column":24}},"8":{"start":{"line":15,"column":24},"end":{"line":22,"column":2}},"9":{"start":{"line":20,"column":4},"end":{"line":22,"column":2}},"10":{"start":{"line":21,"column":4},"end":{"line":21,"column":60}},"11":{"start":{"line":15,"column":13},"end":{"line":15,"column":24}},"12":{"start":{"line":24,"column":27},"end":{"line":26,"column":2}},"13":{"start":{"line":24,"column":73},"end":{"line":26,"column":2}},"14":{"start":{"line":25,"column":4},"end":{"line":25,"column":25}},"15":{"start":{"line":24,"column":13},"end":{"line":24,"column":27}},"16":{"start":{"line":29,"column":26},"end":{"line":32,"column":2}},"17":{"start":{"line":29,"column":59},"end":{"line":32,"column":2}},"18":{"start":{"line":30,"column":17},"end":{"line":30,"column":38}},"19":{"start":{"line":31,"column":4},"end":{"line":31,"column":16}},"20":{"start":{"line":29,"column":13},"end":{"line":29,"column":26}}},"fnMap":{"0":{"name":"(anonymous_7)","decl":{"start":{"line":4,"column":24},"end":{"line":4,"column":31}},"loc":{"start":{"line":4,"column":70},"end":{"line":12,"column":2}}},"1":{"name":"(anonymous_8)","decl":{"start":{"line":4,"column":70},"end":{"line":4,"column":null}},"loc":{"start":{"line":4,"column":70},"end":{"line":12,"column":1}}},"2":{"name":"(anonymous_9)","decl":{"start":{"line":15,"column":24},"end":{"line":15,"column":null}},"loc":{"start":{"line":20,"column":4},"end":{"line":22,"column":2}}},"3":{"name":"(anonymous_11)","decl":{"start":{"line":24,"column":27},"end":{"line":24,"column":34}},"loc":{"start":{"line":24,"column":73},"end":{"line":26,"column":2}}},"4":{"name":"(anonymous_12)","decl":{"start":{"line":24,"column":73},"end":{"line":24,"column":null}},"loc":{"start":{"line":24,"column":73},"end":{"line":26,"column":1}}},"5":{"name":"(anonymous_13)","decl":{"start":{"line":29,"column":26},"end":{"line":29,"column":33}},"loc":{"start":{"line":29,"column":59},"end":{"line":32,"column":2}}},"6":{"name":"(anonymous_14)","decl":{"start":{"line":29,"column":59},"end":{"line":29,"column":null}},"loc":{"start":{"line":29,"column":59},"end":{"line":32,"column":1}}}},"branchMap":{"0":{"loc":{"start":{"line":6,"column":4},"end":{"line":11,"column":5}},"type":"if","locations":[{"start":{"line":6,"column":4},"end":{"line":11,"column":5}},{"start":{"line":9,"column":11},"end":{"line":11,"column":5}}]},"1":{"loc":{"start":{"line":19,"column":4},"end":{"line":19,"column":13}},"type":"default-arg","locations":[{"start":{"line":19,"column":10},"end":{"line":19,"column":13}}]}},"s":{"0":1,"1":0,"2":0,"3":0,"4":0,"5":0,"6":0,"7":1,"8":1,"9":0,"10":0,"11":1,"12":1,"13":0,"14":0,"15":1,"16":1,"17":0,"18":0,"19":0,"20":1},"f":{"0":0,"1":0,"2":0,"3":0,"4":0,"5":0,"6":0},"b":{"0":[0,0],"1":[0]}}
}
