TN:
SF:testServer.ts
FN:23,(anonymous_1)
FNF:1
FNH:0
FNDA:0,(anonymous_1)
DA:1,1
DA:2,1
DA:3,1
DA:4,1
DA:5,1
DA:6,1
DA:8,1
DA:10,1
DA:13,1
DA:14,1
DA:17,1
DA:20,1
DA:23,1
DA:24,0
DA:25,0
DA:26,0
DA:29,1
LF:17
LH:14
BRF:0
BRH:0
end_of_record
TN:
SF:config\config.ts
FNF:0
FNH:0
DA:2,1
DA:4,1
DA:6,1
LF:3
LH:3
BRF:0
BRH:0
end_of_record
TN:
SF:config\sequelize.ts
FNF:0
FNH:0
DA:2,1
DA:3,1
DA:5,1
DA:20,1
LF:4
LH:4
BRF:0
BRH:0
end_of_record
TN:
SF:src\controllers\accountController.ts
FN:12,(anonymous_8)
FN:15,(anonymous_9)
FN:23,(anonymous_10)
FN:36,(anonymous_12)
FN:117,(anonymous_14)
FN:157,(anonymous_16)
FN:183,(anonymous_18)
FN:207,(anonymous_20)
FN:222,(anonymous_22)
FN:244,(anonymous_24)
FN:290,(anonymous_26)
FNF:11
FNH:2
FNDA:1,(anonymous_8)
FNDA:1,(anonymous_9)
FNDA:0,(anonymous_10)
FNDA:0,(anonymous_12)
FNDA:0,(anonymous_14)
FNDA:0,(anonymous_16)
FNDA:0,(anonymous_18)
FNDA:0,(anonymous_20)
FNDA:0,(anonymous_22)
FNDA:0,(anonymous_24)
FNDA:0,(anonymous_26)
DA:2,1
DA:3,1
DA:4,1
DA:5,1
DA:6,1
DA:7,1
DA:8,1
DA:9,1
DA:10,1
DA:12,1
DA:13,1
DA:16,1
DA:17,1
DA:19,0
DA:24,0
DA:25,0
DA:29,0
DA:31,0
DA:37,0
DA:38,0
DA:41,0
DA:42,0
DA:46,0
DA:50,0
DA:51,0
DA:52,0
DA:53,0
DA:57,0
DA:62,0
DA:63,0
DA:66,0
DA:67,0
DA:68,0
DA:71,0
DA:72,0
DA:75,0
DA:88,0
DA:98,0
DA:104,0
DA:109,0
DA:118,0
DA:119,0
DA:120,0
DA:127,0
DA:128,0
DA:130,0
DA:136,0
DA:138,0
DA:143,0
DA:145,0
DA:146,0
DA:148,0
DA:152,0
DA:158,0
DA:159,0
DA:165,0
DA:166,0
DA:173,0
DA:175,0
DA:178,0
DA:184,0
DA:185,0
DA:186,0
DA:192,0
DA:193,0
DA:198,0
DA:200,0
DA:203,0
DA:208,0
DA:209,0
DA:216,0
DA:218,0
DA:223,0
DA:224,0
DA:233,0
DA:234,0
DA:236,0
DA:239,0
DA:245,0
DA:247,0
DA:255,0
DA:256,0
DA:263,0
DA:265,0
DA:267,0
DA:268,0
DA:276,0
DA:278,0
DA:283,0
DA:286,0
DA:291,0
DA:292,0
DA:294,0
DA:300,0
DA:301,0
DA:302,0
DA:303,0
DA:305,0
DA:308,0
LF:99
LH:13
BRDA:19,0,0,0
BRDA:19,0,1,0
BRDA:31,1,0,0
BRDA:31,1,1,0
BRDA:41,2,0,0
BRDA:41,2,1,0
BRDA:41,3,0,0
BRDA:41,3,1,0
BRDA:41,3,2,0
BRDA:50,4,0,0
BRDA:50,4,1,0
BRDA:52,5,0,0
BRDA:52,5,1,0
BRDA:62,6,0,0
BRDA:62,6,1,0
BRDA:67,7,0,0
BRDA:67,7,1,0
BRDA:91,8,0,0
BRDA:91,8,1,0
BRDA:92,9,0,0
BRDA:92,9,1,0
BRDA:93,10,0,0
BRDA:93,10,1,0
BRDA:110,11,0,0
BRDA:110,11,1,0
BRDA:127,12,0,0
BRDA:127,12,1,0
BRDA:136,13,0,0
BRDA:136,13,1,0
BRDA:152,14,0,0
BRDA:152,14,1,0
BRDA:165,15,0,0
BRDA:165,15,1,0
BRDA:178,16,0,0
BRDA:178,16,1,0
BRDA:192,17,0,0
BRDA:192,17,1,0
BRDA:203,18,0,0
BRDA:203,18,1,0
BRDA:218,19,0,0
BRDA:218,19,1,0
BRDA:233,20,0,0
BRDA:233,20,1,0
BRDA:239,21,0,0
BRDA:239,21,1,0
BRDA:255,22,0,0
BRDA:255,22,1,0
BRDA:263,23,0,0
BRDA:263,23,1,0
BRDA:267,24,0,0
BRDA:267,24,1,0
BRDA:286,25,0,0
BRDA:286,25,1,0
BRDA:300,26,0,0
BRDA:300,26,1,0
BRDA:308,27,0,0
BRDA:308,27,1,0
BRF:57
BRH:0
end_of_record
TN:
SF:src\controllers\advertisementController.ts
FN:8,(anonymous_8)
FN:11,(anonymous_9)
FN:17,(anonymous_11)
FN:30,(anonymous_12)
FN:37,(anonymous_14)
FN:37,(anonymous_15)
FN:59,(anonymous_16)
FN:76,(anonymous_18)
FN:76,(anonymous_19)
FN:94,(anonymous_20)
FNF:10
FNH:1
FNDA:1,(anonymous_8)
FNDA:0,(anonymous_9)
FNDA:0,(anonymous_11)
FNDA:0,(anonymous_12)
FNDA:0,(anonymous_14)
FNDA:0,(anonymous_15)
FNDA:0,(anonymous_16)
FNDA:0,(anonymous_18)
FNDA:0,(anonymous_19)
FNDA:0,(anonymous_20)
DA:2,1
DA:3,1
DA:4,1
DA:5,1
DA:8,1
DA:9,1
DA:12,0
DA:13,0
DA:17,0
DA:18,0
DA:24,0
DA:26,0
DA:31,0
DA:33,0
DA:34,0
DA:35,0
DA:36,0
DA:37,0
DA:38,0
DA:39,0
DA:41,0
DA:46,0
DA:47,0
DA:49,0
DA:55,0
DA:60,0
DA:61,0
DA:67,0
DA:68,0
DA:69,0
DA:71,0
DA:72,0
DA:73,0
DA:74,0
DA:76,0
DA:77,0
DA:78,0
DA:80,0
DA:83,0
DA:87,0
DA:90,0
DA:95,0
DA:96,0
DA:102,0
DA:103,0
DA:104,0
DA:105,0
DA:108,0
DA:110,0
LF:49
LH:6
BRDA:19,0,0,0
BRDA:19,0,1,0
BRDA:19,1,0,0
BRDA:19,1,1,0
BRDA:26,2,0,0
BRDA:26,2,1,0
BRDA:38,3,0,0
BRDA:38,3,1,0
BRDA:46,4,0,0
BRDA:46,4,1,0
BRDA:55,5,0,0
BRDA:55,5,1,0
BRDA:67,6,0,0
BRDA:67,6,1,0
BRDA:77,7,0,0
BRDA:77,7,1,0
BRDA:90,8,0,0
BRDA:90,8,1,0
BRDA:102,9,0,0
BRDA:102,9,1,0
BRDA:110,10,0,0
BRDA:110,10,1,0
BRF:22
BRH:0
end_of_record
TN:
SF:src\controllers\cartController.ts
FN:13,(anonymous_8)
FN:16,(anonymous_9)
FN:33,(anonymous_11)
FN:50,(anonymous_13)
FN:50,(anonymous_14)
FN:109,(anonymous_15)
FN:149,(anonymous_17)
FN:169,(anonymous_19)
FN:182,(anonymous_21)
FN:182,(anonymous_22)
FNF:10
FNH:1
FNDA:1,(anonymous_8)
FNDA:0,(anonymous_9)
FNDA:0,(anonymous_11)
FNDA:0,(anonymous_13)
FNDA:0,(anonymous_14)
FNDA:0,(anonymous_15)
FNDA:0,(anonymous_17)
FNDA:0,(anonymous_19)
FNDA:0,(anonymous_21)
FNDA:0,(anonymous_22)
DA:2,1
DA:3,1
DA:4,1
DA:5,1
DA:6,1
DA:7,1
DA:8,1
DA:9,1
DA:10,1
DA:11,1
DA:13,1
DA:14,1
DA:17,0
DA:18,0
DA:20,0
DA:21,0
DA:27,0
DA:29,0
DA:34,0
DA:35,0
DA:36,0
DA:39,0
DA:49,0
DA:50,0
DA:51,0
DA:79,0
DA:80,0
DA:81,0
DA:82,0
DA:85,0
DA:86,0
DA:90,0
DA:103,0
DA:105,0
DA:110,0
DA:111,0
DA:113,0
DA:117,0
DA:118,0
DA:120,0
DA:127,0
DA:128,0
DA:130,0
DA:135,0
DA:138,0
DA:140,0
DA:141,0
DA:145,0
DA:150,0
DA:151,0
DA:158,0
DA:159,0
DA:161,0
DA:165,0
DA:170,0
DA:171,0
DA:172,0
DA:175,0
DA:181,0
DA:182,0
DA:184,0
DA:192,0
DA:193,0
DA:202,0
DA:203,0
DA:204,0
DA:205,0
DA:208,0
DA:209,0
DA:210,0
DA:215,0
DA:222,0
DA:224,0
DA:232,0
DA:233,0
DA:243,0
DA:246,0
DA:256,0
DA:258,0
DA:261,0
LF:80
LH:12
BRDA:29,0,0,0
BRDA:29,0,1,0
BRDA:80,1,0,0
BRDA:80,1,1,0
BRDA:81,2,0,0
BRDA:81,2,1,0
BRDA:85,3,0,0
BRDA:85,3,1,0
BRDA:97,4,0,0
BRDA:97,4,1,0
BRDA:97,5,0,0
BRDA:97,5,1,0
BRDA:105,6,0,0
BRDA:105,6,1,0
BRDA:111,7,0,0
BRDA:111,7,1,0
BRDA:111,7,2,0
BRDA:127,8,0,0
BRDA:127,8,1,0
BRDA:145,9,0,0
BRDA:145,9,1,0
BRDA:158,10,0,0
BRDA:158,10,1,0
BRDA:165,11,0,0
BRDA:165,11,1,0
BRDA:181,12,0,0
BRDA:181,12,1,0
BRDA:202,13,0,0
BRDA:202,13,1,0
BRDA:202,14,0,0
BRDA:202,14,1,0
BRDA:203,15,0,0
BRDA:203,15,1,0
BRDA:203,16,0,0
BRDA:203,16,1,0
BRDA:208,17,0,0
BRDA:208,17,1,0
BRDA:208,18,0,0
BRDA:208,18,1,0
BRDA:232,19,0,0
BRDA:232,19,1,0
BRDA:261,20,0,0
BRDA:261,20,1,0
BRF:43
BRH:0
end_of_record
TN:
SF:src\controllers\discountController.ts
FN:6,(anonymous_8)
FN:9,(anonymous_9)
FN:24,(anonymous_11)
FN:51,(anonymous_13)
FN:74,(anonymous_15)
FNF:5
FNH:1
FNDA:1,(anonymous_8)
FNDA:0,(anonymous_9)
FNDA:0,(anonymous_11)
FNDA:0,(anonymous_13)
FNDA:0,(anonymous_15)
DA:2,1
DA:3,1
DA:4,1
DA:6,1
DA:7,1
DA:10,0
DA:11,0
DA:17,0
DA:19,0
DA:25,0
DA:26,0
DA:27,0
DA:28,0
DA:30,0
DA:32,0
DA:33,0
DA:36,0
DA:37,0
DA:40,0
DA:44,0
DA:46,0
DA:52,0
DA:53,0
DA:54,0
DA:62,0
DA:63,0
DA:65,0
DA:69,0
DA:75,0
DA:76,0
DA:82,0
DA:83,0
DA:85,0
DA:88,0
LF:34
LH:5
BRDA:19,0,0,0
BRDA:19,0,1,0
BRDA:30,1,0,0
BRDA:30,1,1,0
BRDA:36,2,0,0
BRDA:36,2,1,0
BRDA:46,3,0,0
BRDA:46,3,1,0
BRDA:56,4,0,0
BRDA:56,4,1,0
BRDA:56,5,0,0
BRDA:56,5,1,0
BRDA:57,6,0,0
BRDA:57,6,1,0
BRDA:57,7,0,0
BRDA:57,7,1,0
BRDA:62,8,0,0
BRDA:62,8,1,0
BRDA:69,9,0,0
BRDA:69,9,1,0
BRDA:82,10,0,0
BRDA:82,10,1,0
BRDA:88,11,0,0
BRDA:88,11,1,0
BRF:24
BRH:0
end_of_record
TN:
SF:src\controllers\itemsController.ts
FN:12,(anonymous_8)
FN:15,(anonymous_9)
FN:76,(anonymous_11)
FN:78,(anonymous_12)
FN:98,(anonymous_13)
FN:115,(anonymous_15)
FN:115,(anonymous_16)
FN:121,(anonymous_17)
FN:122,(anonymous_18)
FN:146,(anonymous_19)
FN:170,(anonymous_21)
FN:170,(anonymous_22)
FN:178,(anonymous_23)
FN:178,(anonymous_24)
FN:184,(anonymous_25)
FN:185,(anonymous_26)
FN:209,(anonymous_27)
FN:251,(anonymous_29)
FNF:18
FNH:1
FNDA:1,(anonymous_8)
FNDA:0,(anonymous_9)
FNDA:0,(anonymous_11)
FNDA:0,(anonymous_12)
FNDA:0,(anonymous_13)
FNDA:0,(anonymous_15)
FNDA:0,(anonymous_16)
FNDA:0,(anonymous_17)
FNDA:0,(anonymous_18)
FNDA:0,(anonymous_19)
FNDA:0,(anonymous_21)
FNDA:0,(anonymous_22)
FNDA:0,(anonymous_23)
FNDA:0,(anonymous_24)
FNDA:0,(anonymous_25)
FNDA:0,(anonymous_26)
FNDA:0,(anonymous_27)
FNDA:0,(anonymous_29)
DA:2,1
DA:3,1
DA:4,1
DA:5,1
DA:6,1
DA:7,1
DA:8,1
DA:9,1
DA:10,1
DA:12,1
DA:13,1
DA:16,0
DA:17,0
DA:18,0
DA:19,0
DA:21,0
DA:22,0
DA:25,0
DA:26,0
DA:27,0
DA:31,0
DA:32,0
DA:33,0
DA:36,0
DA:40,0
DA:41,0
DA:42,0
DA:43,0
DA:47,0
DA:48,0
DA:49,0
DA:51,0
DA:76,0
DA:77,0
DA:78,0
DA:80,0
DA:85,0
DA:86,0
DA:89,0
DA:92,0
DA:99,0
DA:100,0
DA:108,0
DA:109,0
DA:111,0
DA:112,0
DA:114,0
DA:115,0
DA:116,0
DA:117,0
DA:118,0
DA:121,0
DA:122,0
DA:123,0
DA:124,0
DA:126,0
DA:132,0
DA:140,0
DA:142,0
DA:147,0
DA:148,0
DA:154,0
DA:155,0
DA:157,0
DA:165,0
DA:166,0
DA:169,0
DA:170,0
DA:171,0
DA:172,0
DA:173,0
DA:177,0
DA:178,0
DA:179,0
DA:180,0
DA:181,0
DA:184,0
DA:185,0
DA:186,0
DA:187,0
DA:192,0
DA:202,0
DA:204,0
DA:210,0
DA:211,0
DA:213,0
DA:214,0
DA:215,0
DA:217,0
DA:218,0
DA:219,0
DA:221,0
DA:249,0
DA:251,0
DA:252,0
DA:253,0
DA:254,0
DA:259,0
DA:261,0
DA:266,0
LF:100
LH:11
BRDA:25,0,0,0
BRDA:25,0,1,0
BRDA:31,1,0,0
BRDA:31,1,1,0
BRDA:40,2,0,0
BRDA:40,2,1,0
BRDA:48,3,0,0
BRDA:48,3,1,0
BRDA:77,4,0,0
BRDA:77,4,1,0
BRDA:77,5,0,0
BRDA:77,5,1,0
BRDA:82,6,0,0
BRDA:82,6,1,0
BRDA:82,7,0,0
BRDA:82,7,1,0
BRDA:85,8,0,0
BRDA:85,8,1,0
BRDA:92,9,0,0
BRDA:92,9,1,0
BRDA:108,10,0,0
BRDA:108,10,1,0
BRDA:108,11,0,0
BRDA:108,11,1,0
BRDA:112,12,0,0
BRDA:112,12,1,0
BRDA:123,13,0,0
BRDA:123,13,1,0
BRDA:154,14,0,0
BRDA:154,14,1,0
BRDA:165,15,0,0
BRDA:165,15,1,0
BRDA:165,16,0,0
BRDA:165,16,1,0
BRDA:165,16,2,0
BRDA:186,17,0,0
BRDA:186,17,1,0
BRDA:218,18,0,0
BRDA:218,18,1,0
BRDA:249,19,0,0
BRDA:249,19,1,0
BRDA:249,20,0,0
BRDA:249,20,1,0
BRF:43
BRH:0
end_of_record
TN:
SF:src\controllers\mainTitleController.ts
FN:5,(anonymous_8)
FN:8,(anonymous_9)
FNF:2
FNH:1
FNDA:1,(anonymous_8)
FNDA:0,(anonymous_9)
DA:2,1
DA:3,1
DA:5,1
DA:6,1
DA:9,0
DA:10,0
DA:13,0
DA:15,0
LF:8
LH:4
BRDA:15,0,0,0
BRDA:15,0,1,0
BRF:2
BRH:0
end_of_record
TN:
SF:src\controllers\orderListController.ts
FN:11,(anonymous_8)
FN:14,(anonymous_9)
FN:28,(anonymous_11)
FN:53,(anonymous_13)
FN:53,(anonymous_14)
FN:55,(anonymous_15)
FN:101,(anonymous_16)
FNF:7
FNH:1
FNDA:1,(anonymous_8)
FNDA:0,(anonymous_9)
FNDA:0,(anonymous_11)
FNDA:0,(anonymous_13)
FNDA:0,(anonymous_14)
FNDA:0,(anonymous_15)
FNDA:0,(anonymous_16)
DA:2,1
DA:3,1
DA:4,1
DA:5,1
DA:6,1
DA:7,1
DA:8,1
DA:11,1
DA:12,1
DA:15,0
DA:16,0
DA:22,0
DA:24,0
DA:29,0
DA:30,0
DA:52,0
DA:53,0
DA:54,0
DA:55,0
DA:57,0
DA:58,0
DA:59,0
DA:61,0
DA:70,0
DA:83,0
DA:90,0
DA:95,0
DA:97,0
DA:102,0
DA:103,0
DA:109,0
DA:110,0
DA:112,0
DA:116,0
DA:119,0
LF:35
LH:9
BRDA:24,0,0,0
BRDA:24,0,1,0
BRDA:54,1,0,0
BRDA:54,1,1,0
BRDA:54,2,0,0
BRDA:54,2,1,0
BRDA:54,3,0,0
BRDA:54,3,1,0
BRDA:54,4,0,0
BRDA:54,4,1,0
BRDA:57,5,0,0
BRDA:57,5,1,0
BRDA:57,6,0,0
BRDA:57,6,1,0
BRDA:58,7,0,0
BRDA:58,7,1,0
BRDA:58,8,0,0
BRDA:58,8,1,0
BRDA:59,9,0,0
BRDA:59,9,1,0
BRDA:59,10,0,0
BRDA:59,10,1,0
BRDA:77,11,0,0
BRDA:77,11,1,0
BRDA:77,12,0,0
BRDA:77,12,1,0
BRDA:78,13,0,0
BRDA:78,13,1,0
BRDA:78,14,0,0
BRDA:78,14,1,0
BRDA:92,15,0,0
BRDA:92,15,1,0
BRDA:92,16,0,0
BRDA:92,16,1,0
BRDA:97,17,0,0
BRDA:97,17,1,0
BRDA:109,18,0,0
BRDA:109,18,1,0
BRDA:119,19,0,0
BRDA:119,19,1,0
BRF:40
BRH:0
end_of_record
TN:
SF:src\controllers\subTitleController.ts
FN:7,(anonymous_8)
FN:10,(anonymous_9)
FN:31,(anonymous_11)
FNF:3
FNH:1
FNDA:1,(anonymous_8)
FNDA:0,(anonymous_9)
FNDA:0,(anonymous_11)
DA:2,1
DA:3,1
DA:4,1
DA:5,1
DA:7,1
DA:8,1
DA:11,0
DA:12,0
DA:13,0
DA:16,0
DA:17,0
DA:20,0
DA:25,0
DA:27,0
DA:32,0
DA:33,0
DA:34,0
DA:35,0
DA:38,0
DA:39,0
DA:40,0
DA:42,0
DA:52,0
DA:54,0
DA:58,0
LF:25
LH:6
BRDA:16,0,0,0
BRDA:16,0,1,0
BRDA:16,1,0,0
BRDA:16,1,1,0
BRDA:27,2,0,0
BRDA:27,2,1,0
BRDA:39,3,0,0
BRDA:39,3,1,0
BRDA:58,4,0,0
BRDA:58,4,1,0
BRF:10
BRH:0
end_of_record
TN:
SF:src\middlewares\checkRole.ts
FN:7,checkRole
FN:8,(anonymous_9)
FNF:2
FNH:1
FNDA:1,checkRole
FNDA:0,(anonymous_9)
DA:2,1
DA:3,1
DA:4,1
DA:5,1
DA:7,1
DA:8,1
DA:9,0
DA:10,0
DA:12,0
DA:13,0
DA:14,0
DA:16,0
DA:23,0
DA:25,0
DA:38,0
DA:39,0
DA:43,0
DA:46,0
DA:51,0
LF:19
LH:6
BRDA:10,0,0,0
BRDA:10,0,1,0
BRDA:12,1,0,0
BRDA:12,1,1,0
BRDA:23,2,0,0
BRDA:23,2,1,0
BRDA:39,3,0,0
BRDA:39,3,1,0
BRF:8
BRH:0
end_of_record
TN:
SF:src\middlewares\checkToken.ts
FN:5,checkToken
FNF:1
FNH:0
FNDA:0,checkToken
DA:2,1
DA:3,1
DA:5,1
DA:6,0
DA:7,0
DA:9,0
DA:10,0
DA:12,0
DA:19,0
DA:21,0
DA:22,0
DA:25,0
DA:32,0
DA:35,0
DA:40,0
LF:15
LH:3
BRDA:7,0,0,0
BRDA:7,0,1,0
BRDA:9,1,0,0
BRDA:9,1,1,0
BRDA:19,2,0,0
BRDA:19,2,1,0
BRDA:21,3,0,0
BRDA:21,3,1,0
BRF:8
BRH:0
end_of_record
TN:
SF:src\middlewares\redisClient.ts
FN:8,(anonymous_7)
FN:10,(anonymous_8)
FN:10,(anonymous_9)
FNF:3
FNH:3
FNDA:1,(anonymous_7)
FNDA:1,(anonymous_8)
FNDA:1,(anonymous_9)
DA:2,1
DA:4,1
DA:8,1
DA:10,1
DA:11,1
DA:12,0
DA:13,0
LF:7
LH:5
BRDA:5,0,0,1
BRDA:5,0,1,1
BRDA:11,1,0,1
BRDA:11,1,1,0
BRF:4
BRH:3
end_of_record
TN:
SF:src\middlewares\uploadImages.ts
FN:4,(anonymous_1)
FN:7,(anonymous_2)
FNF:2
FNH:0
FNDA:0,(anonymous_1)
FNDA:0,(anonymous_2)
DA:1,1
DA:3,1
DA:5,0
DA:8,0
DA:13,1
DA:17,1
DA:20,1
LF:7
LH:5
BRF:0
BRH:0
end_of_record
TN:
SF:src\middlewares\validationMiddleware\accountValidator.ts
FN:7,(anonymous_1)
FN:22,(anonymous_2)
FN:38,(anonymous_3)
FN:52,(anonymous_4)
FN:66,(anonymous_5)
FN:80,(anonymous_6)
FN:96,(anonymous_7)
FNF:7
FNH:0
FNDA:0,(anonymous_1)
FNDA:0,(anonymous_2)
FNDA:0,(anonymous_3)
FNDA:0,(anonymous_4)
FNDA:0,(anonymous_5)
FNDA:0,(anonymous_6)
FNDA:0,(anonymous_7)
DA:3,1
DA:4,1
DA:7,1
DA:8,0
DA:14,0
DA:15,0
DA:16,0
DA:17,0
DA:19,0
DA:22,1
DA:23,0
DA:29,0
DA:30,0
DA:31,0
DA:32,0
DA:34,0
DA:38,1
DA:39,0
DA:43,0
DA:44,0
DA:45,0
DA:46,0
DA:48,0
DA:52,1
DA:53,0
DA:57,0
DA:58,0
DA:59,0
DA:60,0
DA:62,0
DA:66,1
DA:67,0
DA:71,0
DA:72,0
DA:73,0
DA:74,0
DA:76,0
DA:80,1
DA:81,0
DA:87,0
DA:88,0
DA:89,0
DA:90,0
DA:92,0
DA:96,1
DA:97,0
DA:102,0
DA:103,0
DA:104,0
DA:105,0
DA:107,0
LF:51
LH:9
BRDA:15,0,0,0
BRDA:15,0,1,0
BRDA:30,1,0,0
BRDA:30,1,1,0
BRDA:44,2,0,0
BRDA:44,2,1,0
BRDA:58,3,0,0
BRDA:58,3,1,0
BRDA:72,4,0,0
BRDA:72,4,1,0
BRDA:88,5,0,0
BRDA:88,5,1,0
BRDA:103,6,0,0
BRDA:103,6,1,0
BRF:14
BRH:0
end_of_record
TN:
SF:src\middlewares\validationMiddleware\cartValidator.ts
FN:7,(anonymous_1)
FN:22,(anonymous_2)
FN:37,(anonymous_3)
FN:51,(anonymous_4)
FN:67,(anonymous_5)
FNF:5
FNH:0
FNDA:0,(anonymous_1)
FNDA:0,(anonymous_2)
FNDA:0,(anonymous_3)
FNDA:0,(anonymous_4)
FNDA:0,(anonymous_5)
DA:3,1
DA:4,1
DA:7,1
DA:8,0
DA:14,0
DA:15,0
DA:16,0
DA:17,0
DA:19,0
DA:22,1
DA:23,0
DA:28,0
DA:29,0
DA:30,0
DA:31,0
DA:33,0
DA:37,1
DA:38,0
DA:42,0
DA:43,0
DA:44,0
DA:45,0
DA:47,0
DA:51,1
DA:52,0
DA:58,0
DA:59,0
DA:60,0
DA:61,0
DA:63,0
DA:67,1
DA:68,0
DA:73,0
DA:74,0
DA:75,0
DA:76,0
DA:78,0
LF:37
LH:7
BRDA:15,0,0,0
BRDA:15,0,1,0
BRDA:29,1,0,0
BRDA:29,1,1,0
BRDA:43,2,0,0
BRDA:43,2,1,0
BRDA:59,3,0,0
BRDA:59,3,1,0
BRDA:74,4,0,0
BRDA:74,4,1,0
BRF:10
BRH:0
end_of_record
TN:
SF:src\middlewares\validationMiddleware\discountValidator.ts
FN:7,(anonymous_1)
FNF:1
FNH:0
FNDA:0,(anonymous_1)
DA:3,1
DA:4,1
DA:7,1
DA:8,0
DA:11,0
DA:12,0
DA:13,0
DA:14,0
DA:16,0
LF:9
LH:3
BRDA:12,0,0,0
BRDA:12,0,1,0
BRF:2
BRH:0
end_of_record
TN:
SF:src\middlewares\validationMiddleware\itemValidator.ts
FN:7,(anonymous_1)
FN:25,(anonymous_2)
FN:39,(anonymous_3)
FN:55,(anonymous_4)
FNF:4
FNH:0
FNDA:0,(anonymous_1)
FNDA:0,(anonymous_2)
FNDA:0,(anonymous_3)
FNDA:0,(anonymous_4)
DA:3,1
DA:4,1
DA:7,1
DA:8,0
DA:16,0
DA:17,0
DA:18,0
DA:19,0
DA:21,0
DA:25,1
DA:26,0
DA:30,0
DA:31,0
DA:32,0
DA:33,0
DA:35,0
DA:39,1
DA:40,0
DA:46,0
DA:47,0
DA:48,0
DA:49,0
DA:51,0
DA:55,1
DA:56,0
DA:65,0
DA:66,0
DA:67,0
DA:68,0
DA:70,0
LF:30
LH:6
BRDA:17,0,0,0
BRDA:17,0,1,0
BRDA:31,1,0,0
BRDA:31,1,1,0
BRDA:47,2,0,0
BRDA:47,2,1,0
BRDA:66,3,0,0
BRDA:66,3,1,0
BRF:8
BRH:0
end_of_record
TN:
SF:src\middlewares\validationMiddleware\orderListValidator.ts
FN:8,(anonymous_1)
FN:22,(anonymous_2)
FN:36,(anonymous_3)
FNF:3
FNH:0
FNDA:0,(anonymous_1)
FNDA:0,(anonymous_2)
FNDA:0,(anonymous_3)
DA:3,1
DA:4,1
DA:8,1
DA:9,0
DA:13,0
DA:14,0
DA:15,0
DA:16,0
DA:18,0
DA:22,1
DA:23,0
DA:27,0
DA:28,0
DA:29,0
DA:30,0
DA:32,0
DA:36,1
DA:37,0
DA:42,0
DA:43,0
DA:44,0
DA:45,0
DA:47,0
LF:23
LH:5
BRDA:14,0,0,0
BRDA:14,0,1,0
BRDA:28,1,0,0
BRDA:28,1,1,0
BRDA:43,2,0,0
BRDA:43,2,1,0
BRF:6
BRH:0
end_of_record
TN:
SF:src\models\Advertisement.ts
FNF:0
FNH:0
DA:1,1
DA:2,1
DA:28,1
DA:56,1
LF:4
LH:4
BRF:0
BRH:0
end_of_record
TN:
SF:src\models\Cart.ts
FNF:0
FNH:0
DA:1,1
DA:2,1
DA:28,1
DA:54,1
LF:4
LH:4
BRF:0
BRH:0
end_of_record
TN:
SF:src\models\Discount.ts
FNF:0
FNH:0
DA:1,1
DA:2,1
DA:35,1
DA:70,1
LF:4
LH:4
BRF:0
BRH:0
end_of_record
TN:
SF:src\models\Item_images.ts
FNF:0
FNH:0
DA:2,1
DA:3,1
DA:32,1
DA:64,1
LF:4
LH:4
BRF:0
BRH:0
end_of_record
TN:
SF:src\models\Items.ts
FNF:0
FNH:0
DA:2,1
DA:3,1
DA:4,1
DA:5,1
DA:38,1
DA:80,1
DA:82,1
DA:84,1
LF:8
LH:8
BRF:0
BRH:0
end_of_record
TN:
SF:src\models\Main_titles.ts
FNF:0
FNH:0
DA:2,1
DA:3,1
DA:4,1
DA:31,1
DA:61,1
DA:65,1
LF:6
LH:6
BRF:0
BRH:0
end_of_record
TN:
SF:src\models\Order_list.ts
FNF:0
FNH:0
DA:1,1
DA:2,1
DA:32,1
DA:70,1
LF:4
LH:4
BRF:0
BRH:0
end_of_record
TN:
SF:src\models\Order_list_detail.ts
FNF:0
FNH:0
DA:2,1
DA:3,1
DA:5,1
DA:33,1
DA:67,1
DA:74,1
LF:6
LH:6
BRF:0
BRH:0
end_of_record
TN:
SF:src\models\Roles.ts
FNF:0
FNH:0
DA:2,1
DA:3,1
DA:4,1
DA:32,1
DA:69,1
DA:70,1
DA:72,1
LF:7
LH:7
BRF:0
BRH:0
end_of_record
TN:
SF:src\models\Sub_titles.ts
FNF:0
FNH:0
DA:2,1
DA:3,1
DA:33,1
DA:66,1
LF:4
LH:4
BRF:0
BRH:0
end_of_record
TN:
SF:src\models\User.ts
FNF:0
FNH:0
DA:1,1
DA:2,1
DA:3,1
DA:29,1
DA:54,1
DA:56,1
LF:6
LH:6
BRF:0
BRH:0
end_of_record
TN:
SF:src\models\User_role.ts
FNF:0
FNH:0
DA:2,1
DA:3,1
DA:30,1
DA:62,1
LF:4
LH:4
BRF:0
BRH:0
end_of_record
TN:
SF:src\models\User_token.ts
FNF:0
FNH:0
DA:2,1
DA:3,1
DA:31,1
DA:67,1
LF:4
LH:4
BRF:0
BRH:0
end_of_record
TN:
SF:src\response\apiResponse.ts
FN:4,(anonymous_0)
FNF:1
FNH:1
FNDA:1,(anonymous_0)
DA:1,1
DA:3,1
DA:5,1
DA:6,1
DA:9,0
DA:10,0
DA:12,0
LF:7
LH:4
BRDA:5,0,0,1
BRDA:5,0,1,0
BRF:2
BRH:1
end_of_record
TN:
SF:src\routers\accountRouter.ts
FN:19,(anonymous_1)
FN:25,(anonymous_2)
FN:27,(anonymous_3)
FN:31,(anonymous_4)
FN:34,(anonymous_5)
FN:37,(anonymous_6)
FN:40,(anonymous_7)
FN:44,(anonymous_8)
FN:48,(anonymous_9)
FN:52,(anonymous_10)
FN:56,(anonymous_11)
FN:58,(anonymous_12)
FNF:12
FNH:3
FNDA:1,(anonymous_1)
FNDA:1,(anonymous_2)
FNDA:1,(anonymous_3)
FNDA:0,(anonymous_4)
FNDA:0,(anonymous_5)
FNDA:0,(anonymous_6)
FNDA:0,(anonymous_7)
FNDA:0,(anonymous_8)
FNDA:0,(anonymous_9)
FNDA:0,(anonymous_10)
FNDA:0,(anonymous_11)
FNDA:0,(anonymous_12)
DA:1,1
DA:2,1
DA:3,1
DA:12,1
DA:13,1
DA:20,1
DA:21,1
DA:22,1
DA:26,1
DA:27,1
DA:29,1
DA:31,0
DA:32,1
DA:34,0
DA:35,1
DA:37,0
DA:38,1
DA:40,0
DA:41,1
DA:44,0
DA:45,1
DA:48,0
DA:49,1
DA:52,0
DA:53,1
DA:56,0
DA:57,1
DA:58,0
DA:63,1
LF:29
LH:20
BRF:0
BRH:0
end_of_record
TN:
SF:src\routers\advertisementRouter.ts
FN:10,(anonymous_1)
FN:16,(anonymous_2)
FN:18,(anonymous_3)
FN:22,(anonymous_4)
FN:26,(anonymous_5)
FN:29,(anonymous_6)
FNF:6
FNH:2
FNDA:1,(anonymous_1)
FNDA:1,(anonymous_2)
FNDA:0,(anonymous_3)
FNDA:0,(anonymous_4)
FNDA:0,(anonymous_5)
FNDA:0,(anonymous_6)
DA:1,1
DA:2,1
DA:3,1
DA:4,1
DA:11,1
DA:12,1
DA:13,1
DA:17,1
DA:18,0
DA:19,1
DA:22,0
DA:23,1
DA:26,0
DA:27,1
DA:29,0
DA:35,1
LF:16
LH:12
BRF:0
BRH:0
end_of_record
TN:
SF:src\routers\cartRouter.ts
FN:16,(anonymous_1)
FN:22,(anonymous_2)
FN:26,(anonymous_3)
FN:30,(anonymous_4)
FN:34,(anonymous_5)
FN:38,(anonymous_6)
FN:42,(anonymous_7)
FNF:7
FNH:2
FNDA:1,(anonymous_1)
FNDA:1,(anonymous_2)
FNDA:0,(anonymous_3)
FNDA:0,(anonymous_4)
FNDA:0,(anonymous_5)
FNDA:0,(anonymous_6)
FNDA:0,(anonymous_7)
DA:1,1
DA:2,1
DA:3,1
DA:4,1
DA:17,1
DA:18,1
DA:19,1
DA:23,1
DA:26,0
DA:27,1
DA:30,0
DA:31,1
DA:34,0
DA:35,1
DA:38,0
DA:39,1
DA:42,0
DA:47,1
LF:18
LH:13
BRF:0
BRH:0
end_of_record
TN:
SF:src\routers\discountRouter.ts
FN:12,(anonymous_1)
FN:18,(anonymous_2)
FN:21,(anonymous_3)
FN:23,(anonymous_4)
FN:26,(anonymous_5)
FN:29,(anonymous_6)
FNF:6
FNH:2
FNDA:1,(anonymous_1)
FNDA:1,(anonymous_2)
FNDA:0,(anonymous_3)
FNDA:0,(anonymous_4)
FNDA:0,(anonymous_5)
FNDA:0,(anonymous_6)
DA:1,1
DA:2,1
DA:3,1
DA:4,1
DA:13,1
DA:14,1
DA:15,1
DA:19,1
DA:21,0
DA:22,1
DA:23,0
DA:24,1
DA:26,0
DA:27,1
DA:29,0
DA:35,1
LF:16
LH:12
BRF:0
BRH:0
end_of_record
TN:
SF:src\routers\itemsRouter.ts
FN:11,(anonymous_1)
FN:17,(anonymous_2)
FN:20,(anonymous_3)
FN:25,(anonymous_4)
FN:30,(anonymous_5)
FN:33,(anonymous_6)
FNF:6
FNH:2
FNDA:1,(anonymous_1)
FNDA:1,(anonymous_2)
FNDA:0,(anonymous_3)
FNDA:0,(anonymous_4)
FNDA:0,(anonymous_5)
FNDA:0,(anonymous_6)
DA:1,1
DA:2,1
DA:3,1
DA:4,1
DA:5,1
DA:12,1
DA:13,1
DA:14,1
DA:18,1
DA:20,0
DA:21,1
DA:25,0
DA:26,1
DA:30,0
DA:31,1
DA:33,0
DA:39,1
LF:17
LH:13
BRF:0
BRH:0
end_of_record
TN:
SF:src\routers\mainTitleRouter.ts
FN:8,(anonymous_1)
FN:14,(anonymous_2)
FN:16,(anonymous_3)
FNF:3
FNH:2
FNDA:1,(anonymous_1)
FNDA:1,(anonymous_2)
FNDA:0,(anonymous_3)
DA:1,1
DA:2,1
DA:9,1
DA:10,1
DA:11,1
DA:15,1
DA:16,0
DA:22,1
LF:8
LH:7
BRF:0
BRH:0
end_of_record
TN:
SF:src\routers\orderListRouter.ts
FN:10,(anonymous_1)
FN:16,(anonymous_2)
FN:20,(anonymous_3)
FN:24,(anonymous_4)
FN:28,(anonymous_5)
FNF:5
FNH:2
FNDA:1,(anonymous_1)
FNDA:1,(anonymous_2)
FNDA:0,(anonymous_3)
FNDA:0,(anonymous_4)
FNDA:0,(anonymous_5)
DA:1,1
DA:2,1
DA:3,1
DA:4,1
DA:11,1
DA:12,1
DA:13,1
DA:17,1
DA:20,0
DA:21,1
DA:24,0
DA:25,1
DA:28,0
DA:34,1
LF:14
LH:11
BRF:0
BRH:0
end_of_record
TN:
SF:src\routers\router.ts
FNF:0
FNH:0
DA:1,1
DA:2,1
DA:3,1
DA:4,1
DA:5,1
DA:6,1
DA:7,1
DA:8,1
DA:9,1
DA:11,1
DA:12,1
DA:13,1
DA:14,1
DA:15,1
DA:16,1
DA:17,1
DA:18,1
DA:19,1
DA:21,1
DA:22,1
DA:23,1
DA:24,1
DA:25,1
DA:26,1
DA:27,1
DA:28,1
DA:30,1
LF:27
LH:27
BRF:0
BRH:0
end_of_record
TN:
SF:src\routers\subTitleRouter.ts
FN:8,(anonymous_1)
FN:14,(anonymous_2)
FN:16,(anonymous_3)
FN:18,(anonymous_4)
FNF:4
FNH:2
FNDA:1,(anonymous_1)
FNDA:1,(anonymous_2)
FNDA:0,(anonymous_3)
FNDA:0,(anonymous_4)
DA:1,1
DA:2,1
DA:9,1
DA:10,1
DA:11,1
DA:15,1
DA:16,0
DA:17,1
DA:18,0
DA:24,1
LF:10
LH:8
BRF:0
BRH:0
end_of_record
TN:
SF:src\utils\emailSender.ts
FN:15,sendVerificationEmail
FNF:1
FNH:0
FNDA:0,sendVerificationEmail
DA:1,1
DA:2,1
DA:5,1
DA:7,1
DA:15,1
DA:16,0
DA:17,0
DA:29,0
LF:8
LH:5
BRF:0
BRH:0
end_of_record
TN:
SF:src\utils\jwt.ts
FN:3,generateVerificationToken
FN:8,verifyToken
FN:13,generateSignInToken
FNF:3
FNH:0
FNDA:0,generateVerificationToken
FNDA:0,verifyToken
FNDA:0,generateSignInToken
DA:1,1
DA:3,1
DA:4,0
DA:5,0
DA:8,1
DA:9,0
DA:10,0
DA:13,1
DA:14,0
DA:15,0
LF:10
LH:4
BRDA:4,0,0,0
BRDA:4,0,1,0
BRDA:9,1,0,0
BRDA:9,1,1,0
BRDA:14,2,0,0
BRDA:14,2,1,0
BRF:6
BRH:0
end_of_record
TN:
SF:src\utils\logger.ts
FN:3,(anonymous_1)
FN:9,(anonymous_2)
FN:15,(anonymous_3)
FN:29,(anonymous_4)
FN:40,(anonymous_5)
FNF:5
FNH:0
FNDA:0,(anonymous_1)
FNDA:0,(anonymous_2)
FNDA:0,(anonymous_3)
FNDA:0,(anonymous_4)
FNDA:0,(anonymous_5)
DA:1,1
DA:3,1
DA:4,0
DA:5,0
DA:7,0
DA:10,0
DA:11,0
DA:16,0
DA:18,0
DA:30,0
DA:41,0
LF:11
LH:2
BRF:0
BRH:0
end_of_record
TN:
SF:src\utils\redisCache.ts
FN:4,(anonymous_7)
FN:4,(anonymous_8)
FN:15,(anonymous_9)
FN:24,(anonymous_11)
FN:24,(anonymous_12)
FN:29,(anonymous_13)
FN:29,(anonymous_14)
FNF:7
FNH:0
FNDA:0,(anonymous_7)
FNDA:0,(anonymous_8)
FNDA:0,(anonymous_9)
FNDA:0,(anonymous_11)
FNDA:0,(anonymous_12)
FNDA:0,(anonymous_13)
FNDA:0,(anonymous_14)
DA:4,1
DA:5,0
DA:6,0
DA:7,0
DA:8,0
DA:10,0
DA:15,1
DA:20,0
DA:21,0
DA:24,1
DA:25,0
DA:29,1
DA:30,0
DA:31,0
LF:14
LH:4
BRDA:6,0,0,0
BRDA:6,0,1,0
BRDA:19,1,0,0
BRF:3
BRH:0
end_of_record
